2015-01-12 14:43:52,074 -0800 [main] INFO  (HibernateUtil.java:26) - Hibernate Configuration loaded.
2015-01-12 14:43:52,175 -0800 [main] INFO  (HibernateUtil.java:29) - Hibernate serviceRegistry created.
2015-01-12 14:53:04,181 -0800 [main] INFO  (HibernateUtil.java:26) - Hibernate Configuration loaded.
2015-01-12 14:53:04,264 -0800 [main] INFO  (HibernateUtil.java:29) - Hibernate serviceRegistry created.
2015-01-12 15:00:19,302 -0800 [main] INFO  (HibernateUtil.java:26) - Hibernate Configuration loaded.
2015-01-12 15:00:19,393 -0800 [main] INFO  (HibernateUtil.java:29) - Hibernate serviceRegistry created.
2015-01-12 15:01:27,826 -0800 [main] INFO  (HibernateUtil.java:26) - Hibernate Configuration loaded.
2015-01-12 15:01:27,877 -0800 [main] INFO  (HibernateUtil.java:29) - Hibernate serviceRegistry created.
2015-01-12 15:17:26,798 -0800 [main] INFO  (HibernateUtil.java:26) - Hibernate Configuration loaded.
2015-01-12 15:17:26,889 -0800 [main] INFO  (HibernateUtil.java:29) - Hibernate serviceRegistry created.
2015-01-12 15:27:32,358 -0800 [main] INFO  (HibernateUtil.java:26) - Hibernate Configuration loaded.
2015-01-12 15:27:32,453 -0800 [main] INFO  (HibernateUtil.java:29) - Hibernate serviceRegistry created.
2015-01-12 16:01:19,408 -0800 [main] INFO  (HibernateUtil.java:26) - Hibernate Configuration loaded.
2015-01-12 16:01:19,492 -0800 [main] INFO  (HibernateUtil.java:29) - Hibernate serviceRegistry created.
2015-01-12 16:01:20,391 -0800 [main] ERROR (HibernateUtil.java:35) - Initial SessionFactory creation failed.org.hibernate.HibernateException: java.lang.RuntimeException: Fail-fast during pool initialization
2015-01-12 16:01:39,683 -0800 [main] INFO  (HibernateUtil.java:26) - Hibernate Configuration loaded.
2015-01-12 16:01:39,772 -0800 [main] INFO  (HibernateUtil.java:29) - Hibernate serviceRegistry created.
2015-01-12 16:03:47,870 -0800 [main] INFO  (HibernateUtil.java:26) - Hibernate Configuration loaded.
2015-01-12 16:03:47,952 -0800 [main] INFO  (HibernateUtil.java:29) - Hibernate serviceRegistry created.
2015-01-13 12:05:26,901 -0800 [main] INFO  (HibernateUtil.java:26) - Hibernate Configuration loaded.
2015-01-13 12:05:26,991 -0800 [main] INFO  (HibernateUtil.java:29) - Hibernate serviceRegistry created.
2015-01-13 12:59:53,149 -0800 [main] INFO  (HibernateUtil.java:26) - Hibernate Configuration loaded.
2015-01-13 12:59:53,238 -0800 [main] INFO  (HibernateUtil.java:29) - Hibernate serviceRegistry created.
2015-01-13 13:18:17,341 -0800 [main] INFO  (HibernateUtil.java:26) - Hibernate Configuration loaded.
2015-01-13 13:18:17,432 -0800 [main] INFO  (HibernateUtil.java:29) - Hibernate serviceRegistry created.
2015-01-13 13:28:01,318 -0800 [main] INFO  (HibernateUtil.java:26) - Hibernate Configuration loaded.
2015-01-13 13:28:01,397 -0800 [main] INFO  (HibernateUtil.java:29) - Hibernate serviceRegistry created.
2015-01-13 13:29:00,588 -0800 [main] INFO  (HibernateUtil.java:26) - Hibernate Configuration loaded.
2015-01-13 13:29:00,674 -0800 [main] INFO  (HibernateUtil.java:29) - Hibernate serviceRegistry created.
2015-01-13 13:46:24,982 -0800 [main] INFO  (HibernateUtil.java:26) - Hibernate Configuration loaded.
2015-01-13 13:46:25,085 -0800 [main] INFO  (HibernateUtil.java:29) - Hibernate serviceRegistry created.
2015-01-13 13:56:12,318 -0800 [main] INFO  (HibernateUtil.java:26) - Hibernate Configuration loaded.
2015-01-13 13:56:12,442 -0800 [main] INFO  (HibernateUtil.java:29) - Hibernate serviceRegistry created.
2015-01-13 14:07:43,069 -0800 [main] INFO  (HibernateUtil.java:26) - Hibernate Configuration loaded.
2015-01-13 14:07:43,121 -0800 [main] INFO  (HibernateUtil.java:29) - Hibernate serviceRegistry created.
2015-01-13 15:20:15,217 -0800 [main] INFO  (HibernateUtil.java:26) - Hibernate Configuration loaded.
2015-01-13 15:20:15,304 -0800 [main] INFO  (HibernateUtil.java:29) - Hibernate serviceRegistry created.
2015-01-13 15:29:55,570 -0800 [main] INFO  (HibernateUtil.java:26) - Hibernate Configuration loaded.
2015-01-13 15:29:55,621 -0800 [main] INFO  (HibernateUtil.java:29) - Hibernate serviceRegistry created.
2015-01-13 15:32:06,787 -0800 [main] INFO  (HibernateUtil.java:26) - Hibernate Configuration loaded.
2015-01-13 15:32:06,873 -0800 [main] INFO  (HibernateUtil.java:29) - Hibernate serviceRegistry created.
2015-01-13 16:05:33,971 -0800 [main] INFO  (HibernateUtil.java:26) - Hibernate Configuration loaded.
2015-01-13 16:05:34,063 -0800 [main] INFO  (HibernateUtil.java:29) - Hibernate serviceRegistry created.
2015-01-13 16:05:36,078 -0800 [main] ERROR (HibernateUtil.java:35) - Initial SessionFactory creation failed.org.hibernate.HibernateException: java.lang.RuntimeException: Fail-fast during pool initialization
2015-01-13 16:06:15,515 -0800 [main] INFO  (HibernateUtil.java:26) - Hibernate Configuration loaded.
2015-01-13 16:06:15,602 -0800 [main] INFO  (HibernateUtil.java:29) - Hibernate serviceRegistry created.
2015-01-13 16:10:01,547 -0800 [main] INFO  (HibernateUtil.java:26) - Hibernate Configuration loaded.
2015-01-13 16:10:01,630 -0800 [main] INFO  (HibernateUtil.java:29) - Hibernate serviceRegistry created.
2015-01-13 16:10:45,968 -0800 [main] INFO  (HibernateUtil.java:26) - Hibernate Configuration loaded.
2015-01-13 16:10:46,055 -0800 [main] INFO  (HibernateUtil.java:29) - Hibernate serviceRegistry created.
2015-01-13 16:11:34,508 -0800 [main] INFO  (HibernateUtil.java:26) - Hibernate Configuration loaded.
2015-01-13 16:11:34,561 -0800 [main] INFO  (HibernateUtil.java:29) - Hibernate serviceRegistry created.
2015-01-13 16:14:30,468 -0800 [main] INFO  (HibernateUtil.java:26) - Hibernate Configuration loaded.
2015-01-13 16:14:30,559 -0800 [main] INFO  (HibernateUtil.java:29) - Hibernate serviceRegistry created.
2015-01-13 16:16:17,196 -0800 [main] INFO  (HibernateUtil.java:26) - Hibernate Configuration loaded.
2015-01-13 16:16:17,249 -0800 [main] INFO  (HibernateUtil.java:29) - Hibernate serviceRegistry created.
2015-01-13 16:30:10,246 -0800 [main] INFO  (HibernateUtil.java:26) - Hibernate Configuration loaded.
2015-01-13 16:30:10,331 -0800 [main] INFO  (HibernateUtil.java:29) - Hibernate serviceRegistry created.
2015-01-14 09:01:24,219 -0800 [main] INFO  (HibernateUtil.java:26) - Hibernate Configuration loaded.
2015-01-14 09:01:24,309 -0800 [main] INFO  (HibernateUtil.java:29) - Hibernate serviceRegistry created.
2015-01-14 10:34:08,730 -0800 [main] INFO  (HibernateUtil.java:26) - Hibernate Configuration loaded.
2015-01-14 10:34:08,819 -0800 [main] INFO  (HibernateUtil.java:29) - Hibernate serviceRegistry created.
2015-01-14 10:58:28,731 -0800 [main] INFO  (HibernateUtil.java:26) - Hibernate Configuration loaded.
2015-01-14 10:58:28,816 -0800 [main] INFO  (HibernateUtil.java:29) - Hibernate serviceRegistry created.
2015-01-14 11:01:41,491 -0800 [main] INFO  (HibernateUtil.java:26) - Hibernate Configuration loaded.
2015-01-14 11:01:41,589 -0800 [main] INFO  (HibernateUtil.java:29) - Hibernate serviceRegistry created.
2015-01-14 11:01:42,687 -0800 [main] ERROR (HibernateUtil.java:35) - Initial SessionFactory creation failed.org.hibernate.AnnotationException: @OneToOne or @ManyToOne on org.oregonask.entities.SchoolInfo.schoolId references an unknown entity: java.lang.Integer
2015-01-14 11:12:28,588 -0800 [main] INFO  (HibernateUtil.java:26) - Hibernate Configuration loaded.
2015-01-14 11:12:28,678 -0800 [main] INFO  (HibernateUtil.java:29) - Hibernate serviceRegistry created.
2015-01-14 11:13:26,308 -0800 [main] INFO  (HibernateUtil.java:26) - Hibernate Configuration loaded.
2015-01-14 11:13:26,363 -0800 [main] INFO  (HibernateUtil.java:29) - Hibernate serviceRegistry created.
2015-01-14 11:14:58,483 -0800 [main] INFO  (HibernateUtil.java:26) - Hibernate Configuration loaded.
2015-01-14 11:14:58,570 -0800 [main] INFO  (HibernateUtil.java:29) - Hibernate serviceRegistry created.
2015-01-14 11:16:24,392 -0800 [main] INFO  (HibernateUtil.java:26) - Hibernate Configuration loaded.
2015-01-14 11:16:24,477 -0800 [main] INFO  (HibernateUtil.java:29) - Hibernate serviceRegistry created.
2015-01-14 11:18:20,677 -0800 [main] INFO  (HibernateUtil.java:26) - Hibernate Configuration loaded.
2015-01-14 11:18:20,766 -0800 [main] INFO  (HibernateUtil.java:29) - Hibernate serviceRegistry created.
2015-01-14 11:25:42,945 -0800 [main] INFO  (HibernateUtil.java:26) - Hibernate Configuration loaded.
2015-01-14 11:25:43,035 -0800 [main] INFO  (HibernateUtil.java:29) - Hibernate serviceRegistry created.
2015-01-14 16:47:13,684 -0800 [main] INFO  (HibernateUtil.java:26) - Hibernate Configuration loaded.
2015-01-14 16:47:13,771 -0800 [main] INFO  (HibernateUtil.java:29) - Hibernate serviceRegistry created.
2015-01-19 08:46:53,158 -0800 [main] INFO  (HibernateUtil.java:26) - Hibernate Configuration loaded.
2015-01-19 08:46:53,244 -0800 [main] INFO  (HibernateUtil.java:29) - Hibernate serviceRegistry created.
2015-01-19 09:03:04,428 -0800 [main] INFO  (HibernateUtil.java:26) - Hibernate Configuration loaded.
2015-01-19 09:03:04,518 -0800 [main] INFO  (HibernateUtil.java:29) - Hibernate serviceRegistry created.
2015-01-19 09:05:26,227 -0800 [main] INFO  (HibernateUtil.java:26) - Hibernate Configuration loaded.
2015-01-19 09:05:26,314 -0800 [main] INFO  (HibernateUtil.java:29) - Hibernate serviceRegistry created.
2015-01-19 09:37:54,172 -0800 [main] INFO  (HibernateUtil.java:26) - Hibernate Configuration loaded.
2015-01-19 09:37:54,257 -0800 [main] INFO  (HibernateUtil.java:29) - Hibernate serviceRegistry created.
2015-01-19 09:37:55,269 -0800 [main] ERROR (HibernateUtil.java:35) - Initial SessionFactory creation failed.org.hibernate.AnnotationException: mappedBy reference an unknown target entity property: org.oregonask.entities.Summerfood.sponsor in org.oregonask.entities.Sponsor.summerfoods
2015-01-19 09:39:34,465 -0800 [main] INFO  (HibernateUtil.java:26) - Hibernate Configuration loaded.
2015-01-19 09:39:34,552 -0800 [main] INFO  (HibernateUtil.java:29) - Hibernate serviceRegistry created.
2015-01-19 09:44:16,714 -0800 [main] INFO  (HibernateUtil.java:26) - Hibernate Configuration loaded.
2015-01-19 09:44:16,808 -0800 [main] INFO  (HibernateUtil.java:29) - Hibernate serviceRegistry created.
2015-01-19 09:55:49,964 -0800 [main] INFO  (HibernateUtil.java:26) - Hibernate Configuration loaded.
2015-01-19 09:55:50,054 -0800 [main] INFO  (HibernateUtil.java:29) - Hibernate serviceRegistry created.
2015-01-19 09:58:41,139 -0800 [main] INFO  (HibernateUtil.java:26) - Hibernate Configuration loaded.
2015-01-19 09:58:41,238 -0800 [main] INFO  (HibernateUtil.java:29) - Hibernate serviceRegistry created.
2015-01-19 09:58:42,443 -0800 [main] ERROR (HibernateUtil.java:35) - Initial SessionFactory creation failed.org.hibernate.MappingException: Repeated column in mapping for entity: org.oregonask.entities.Summerfood column: SPONSOR_ID (should be mapped with insert="false" update="false")
2015-01-19 09:59:15,115 -0800 [main] INFO  (HibernateUtil.java:26) - Hibernate Configuration loaded.
2015-01-19 09:59:15,202 -0800 [main] INFO  (HibernateUtil.java:29) - Hibernate serviceRegistry created.
2015-01-19 09:59:16,225 -0800 [main] ERROR (HibernateUtil.java:35) - Initial SessionFactory creation failed.org.hibernate.MappingException: Repeated column in mapping for entity: org.oregonask.entities.Summerfood column: SPONSOR_ID (should be mapped with insert="false" update="false")
2015-01-19 10:01:08,161 -0800 [main] INFO  (HibernateUtil.java:26) - Hibernate Configuration loaded.
2015-01-19 10:01:08,248 -0800 [main] INFO  (HibernateUtil.java:29) - Hibernate serviceRegistry created.
2015-01-19 10:01:09,308 -0800 [main] ERROR (HibernateUtil.java:35) - Initial SessionFactory creation failed.org.hibernate.AnnotationException: mappedBy reference an unknown target entity property: org.oregonask.entities.Summerfood.sponsor in org.oregonask.entities.Sponsor.summerfoods
2015-01-19 10:01:24,717 -0800 [main] INFO  (HibernateUtil.java:26) - Hibernate Configuration loaded.
2015-01-19 10:01:24,806 -0800 [main] INFO  (HibernateUtil.java:29) - Hibernate serviceRegistry created.
2015-01-19 10:12:42,764 -0800 [main] INFO  (HibernateUtil.java:26) - Hibernate Configuration loaded.
2015-01-19 10:12:42,851 -0800 [main] INFO  (HibernateUtil.java:29) - Hibernate serviceRegistry created.
2015-01-19 10:17:32,249 -0800 [main] INFO  (HibernateUtil.java:26) - Hibernate Configuration loaded.
2015-01-19 10:17:32,307 -0800 [main] INFO  (HibernateUtil.java:29) - Hibernate serviceRegistry created.
2015-01-19 10:20:18,651 -0800 [main] INFO  (HibernateUtil.java:26) - Hibernate Configuration loaded.
2015-01-19 10:20:18,744 -0800 [main] INFO  (HibernateUtil.java:29) - Hibernate serviceRegistry created.
2015-01-19 10:21:58,245 -0800 [main] INFO  (HibernateUtil.java:26) - Hibernate Configuration loaded.
2015-01-19 10:21:58,333 -0800 [main] INFO  (HibernateUtil.java:29) - Hibernate serviceRegistry created.
2015-01-19 10:24:58,400 -0800 [main] INFO  (HibernateUtil.java:26) - Hibernate Configuration loaded.
2015-01-19 10:24:58,488 -0800 [main] INFO  (HibernateUtil.java:29) - Hibernate serviceRegistry created.
2015-01-19 10:37:31,845 -0800 [main] INFO  (HibernateUtil.java:26) - Hibernate Configuration loaded.
2015-01-19 10:37:31,938 -0800 [main] INFO  (HibernateUtil.java:29) - Hibernate serviceRegistry created.
2015-01-19 10:43:08,159 -0800 [main] INFO  (HibernateUtil.java:26) - Hibernate Configuration loaded.
2015-01-19 10:43:08,248 -0800 [main] INFO  (HibernateUtil.java:29) - Hibernate serviceRegistry created.
2015-01-19 10:44:56,560 -0800 [main] INFO  (HibernateUtil.java:26) - Hibernate Configuration loaded.
2015-01-19 10:44:56,646 -0800 [main] INFO  (HibernateUtil.java:29) - Hibernate serviceRegistry created.
2015-01-19 10:47:12,974 -0800 [main] INFO  (HibernateUtil.java:26) - Hibernate Configuration loaded.
2015-01-19 10:47:13,026 -0800 [main] INFO  (HibernateUtil.java:29) - Hibernate serviceRegistry created.
2015-01-19 10:51:02,229 -0800 [main] INFO  (HibernateUtil.java:26) - Hibernate Configuration loaded.
2015-01-19 10:51:02,312 -0800 [main] INFO  (HibernateUtil.java:29) - Hibernate serviceRegistry created.
2015-01-19 10:53:04,375 -0800 [main] INFO  (HibernateUtil.java:26) - Hibernate Configuration loaded.
2015-01-19 10:53:04,460 -0800 [main] INFO  (HibernateUtil.java:29) - Hibernate serviceRegistry created.
2015-01-19 15:31:56,883 -0800 [main] INFO  (HibernateUtil.java:26) - Hibernate Configuration loaded.
2015-01-19 15:31:56,968 -0800 [main] INFO  (HibernateUtil.java:29) - Hibernate serviceRegistry created.
2015-01-20 08:34:06,717 -0800 [main] INFO  (HibernateUtil.java:26) - Hibernate Configuration loaded.
2015-01-20 08:34:06,791 -0800 [main] INFO  (HibernateUtil.java:29) - Hibernate serviceRegistry created.
2015-01-20 08:38:26,167 -0800 [main] INFO  (HibernateUtil.java:26) - Hibernate Configuration loaded.
2015-01-20 08:38:26,255 -0800 [main] INFO  (HibernateUtil.java:29) - Hibernate serviceRegistry created.
2015-01-20 08:57:18,420 -0800 [main] INFO  (HibernateUtil.java:26) - Hibernate Configuration loaded.
2015-01-20 08:57:18,513 -0800 [main] INFO  (HibernateUtil.java:29) - Hibernate serviceRegistry created.
2015-01-20 08:58:51,373 -0800 [main] INFO  (HibernateUtil.java:26) - Hibernate Configuration loaded.
2015-01-20 08:58:51,459 -0800 [main] INFO  (HibernateUtil.java:29) - Hibernate serviceRegistry created.
2015-01-20 09:01:05,314 -0800 [main] INFO  (HibernateUtil.java:26) - Hibernate Configuration loaded.
2015-01-20 09:01:05,396 -0800 [main] INFO  (HibernateUtil.java:29) - Hibernate serviceRegistry created.
2015-01-20 09:03:13,338 -0800 [main] INFO  (HibernateUtil.java:26) - Hibernate Configuration loaded.
2015-01-20 09:03:13,424 -0800 [main] INFO  (HibernateUtil.java:29) - Hibernate serviceRegistry created.
2015-01-20 09:04:36,151 -0800 [main] INFO  (HibernateUtil.java:26) - Hibernate Configuration loaded.
2015-01-20 09:04:36,239 -0800 [main] INFO  (HibernateUtil.java:29) - Hibernate serviceRegistry created.
2015-01-20 09:05:57,943 -0800 [main] INFO  (HibernateUtil.java:26) - Hibernate Configuration loaded.
2015-01-20 09:05:58,032 -0800 [main] INFO  (HibernateUtil.java:29) - Hibernate serviceRegistry created.
2015-01-20 09:09:14,220 -0800 [main] INFO  (HibernateUtil.java:26) - Hibernate Configuration loaded.
2015-01-20 09:09:14,306 -0800 [main] INFO  (HibernateUtil.java:29) - Hibernate serviceRegistry created.
2015-01-20 09:10:44,963 -0800 [main] INFO  (HibernateUtil.java:26) - Hibernate Configuration loaded.
2015-01-20 09:10:45,041 -0800 [main] INFO  (HibernateUtil.java:29) - Hibernate serviceRegistry created.
2015-01-20 09:13:01,087 -0800 [main] INFO  (HibernateUtil.java:26) - Hibernate Configuration loaded.
2015-01-20 09:13:01,196 -0800 [main] INFO  (HibernateUtil.java:29) - Hibernate serviceRegistry created.
2015-01-20 09:15:08,329 -0800 [main] INFO  (HibernateUtil.java:26) - Hibernate Configuration loaded.
2015-01-20 09:15:08,411 -0800 [main] INFO  (HibernateUtil.java:29) - Hibernate serviceRegistry created.
2015-01-20 09:16:04,838 -0800 [main] INFO  (HibernateUtil.java:26) - Hibernate Configuration loaded.
2015-01-20 09:16:04,892 -0800 [main] INFO  (HibernateUtil.java:29) - Hibernate serviceRegistry created.
2015-01-20 09:16:53,579 -0800 [main] INFO  (HibernateUtil.java:26) - Hibernate Configuration loaded.
2015-01-20 09:16:53,631 -0800 [main] INFO  (HibernateUtil.java:29) - Hibernate serviceRegistry created.
2015-01-20 09:27:00,548 -0800 [main] INFO  (HibernateUtil.java:26) - Hibernate Configuration loaded.
2015-01-20 09:27:00,634 -0800 [main] INFO  (HibernateUtil.java:29) - Hibernate serviceRegistry created.
2015-01-20 09:28:57,836 -0800 [main] INFO  (HibernateUtil.java:26) - Hibernate Configuration loaded.
2015-01-20 09:28:57,890 -0800 [main] INFO  (HibernateUtil.java:29) - Hibernate serviceRegistry created.
2015-01-20 09:29:50,913 -0800 [main] INFO  (HibernateUtil.java:26) - Hibernate Configuration loaded.
2015-01-20 09:29:51,003 -0800 [main] INFO  (HibernateUtil.java:29) - Hibernate serviceRegistry created.
2015-01-20 09:31:50,057 -0800 [main] INFO  (HibernateUtil.java:26) - Hibernate Configuration loaded.
2015-01-20 09:31:50,144 -0800 [main] INFO  (HibernateUtil.java:29) - Hibernate serviceRegistry created.
2015-01-20 09:33:29,784 -0800 [main] INFO  (HibernateUtil.java:26) - Hibernate Configuration loaded.
2015-01-20 09:33:29,871 -0800 [main] INFO  (HibernateUtil.java:29) - Hibernate serviceRegistry created.
2015-01-20 09:34:22,015 -0800 [main] INFO  (HibernateUtil.java:26) - Hibernate Configuration loaded.
2015-01-20 09:34:22,110 -0800 [main] INFO  (HibernateUtil.java:29) - Hibernate serviceRegistry created.
2015-01-20 09:36:20,889 -0800 [main] INFO  (HibernateUtil.java:26) - Hibernate Configuration loaded.
2015-01-20 09:36:20,984 -0800 [main] INFO  (HibernateUtil.java:29) - Hibernate serviceRegistry created.
2015-01-20 09:38:01,926 -0800 [main] INFO  (HibernateUtil.java:26) - Hibernate Configuration loaded.
2015-01-20 09:38:02,015 -0800 [main] INFO  (HibernateUtil.java:29) - Hibernate serviceRegistry created.
2015-01-20 09:42:16,986 -0800 [main] INFO  (HibernateUtil.java:26) - Hibernate Configuration loaded.
2015-01-20 09:42:17,072 -0800 [main] INFO  (HibernateUtil.java:29) - Hibernate serviceRegistry created.
2015-01-20 09:43:30,450 -0800 [main] INFO  (HibernateUtil.java:26) - Hibernate Configuration loaded.
2015-01-20 09:43:30,536 -0800 [main] INFO  (HibernateUtil.java:29) - Hibernate serviceRegistry created.
2015-01-20 09:45:23,119 -0800 [main] INFO  (HibernateUtil.java:26) - Hibernate Configuration loaded.
2015-01-20 09:45:23,209 -0800 [main] INFO  (HibernateUtil.java:29) - Hibernate serviceRegistry created.
2015-01-20 09:45:58,957 -0800 [main] INFO  (HibernateUtil.java:26) - Hibernate Configuration loaded.
2015-01-20 09:45:59,011 -0800 [main] INFO  (HibernateUtil.java:29) - Hibernate serviceRegistry created.
2015-01-20 09:47:36,049 -0800 [main] INFO  (HibernateUtil.java:26) - Hibernate Configuration loaded.
2015-01-20 09:47:36,144 -0800 [main] INFO  (HibernateUtil.java:29) - Hibernate serviceRegistry created.
2015-01-20 09:49:54,216 -0800 [main] INFO  (HibernateUtil.java:26) - Hibernate Configuration loaded.
2015-01-20 09:49:54,297 -0800 [main] INFO  (HibernateUtil.java:29) - Hibernate serviceRegistry created.
2015-01-20 09:52:06,050 -0800 [main] INFO  (HibernateUtil.java:26) - Hibernate Configuration loaded.
2015-01-20 09:52:06,134 -0800 [main] INFO  (HibernateUtil.java:29) - Hibernate serviceRegistry created.
2015-01-20 09:54:52,877 -0800 [main] INFO  (HibernateUtil.java:26) - Hibernate Configuration loaded.
2015-01-20 09:54:52,969 -0800 [main] INFO  (HibernateUtil.java:29) - Hibernate serviceRegistry created.
2015-01-20 09:56:09,393 -0800 [main] INFO  (HibernateUtil.java:26) - Hibernate Configuration loaded.
2015-01-20 09:56:09,485 -0800 [main] INFO  (HibernateUtil.java:29) - Hibernate serviceRegistry created.
2015-01-20 09:57:01,766 -0800 [main] INFO  (HibernateUtil.java:26) - Hibernate Configuration loaded.
2015-01-20 09:57:01,819 -0800 [main] INFO  (HibernateUtil.java:29) - Hibernate serviceRegistry created.
2015-01-20 09:58:15,599 -0800 [main] INFO  (HibernateUtil.java:26) - Hibernate Configuration loaded.
2015-01-20 09:58:15,651 -0800 [main] INFO  (HibernateUtil.java:29) - Hibernate serviceRegistry created.
2015-01-20 10:34:17,171 -0800 [main] INFO  (HibernateUtil.java:26) - Hibernate Configuration loaded.
2015-01-20 10:34:17,262 -0800 [main] INFO  (HibernateUtil.java:29) - Hibernate serviceRegistry created.
2015-01-20 10:36:39,503 -0800 [main] INFO  (HibernateUtil.java:26) - Hibernate Configuration loaded.
2015-01-20 10:36:39,556 -0800 [main] INFO  (HibernateUtil.java:29) - Hibernate serviceRegistry created.
2015-01-20 10:41:24,685 -0800 [main] INFO  (HibernateUtil.java:26) - Hibernate Configuration loaded.
2015-01-20 10:41:24,779 -0800 [main] INFO  (HibernateUtil.java:29) - Hibernate serviceRegistry created.
2015-01-20 10:44:27,508 -0800 [main] INFO  (HibernateUtil.java:26) - Hibernate Configuration loaded.
2015-01-20 10:44:27,600 -0800 [main] INFO  (HibernateUtil.java:29) - Hibernate serviceRegistry created.
2015-01-20 11:05:19,830 -0800 [main] INFO  (HibernateUtil.java:26) - Hibernate Configuration loaded.
2015-01-20 11:05:19,917 -0800 [main] INFO  (HibernateUtil.java:29) - Hibernate serviceRegistry created.
2015-01-20 11:06:28,673 -0800 [main] INFO  (HibernateUtil.java:26) - Hibernate Configuration loaded.
2015-01-20 11:06:28,758 -0800 [main] INFO  (HibernateUtil.java:29) - Hibernate serviceRegistry created.
2015-01-20 11:16:54,993 -0800 [main] INFO  (HibernateUtil.java:26) - Hibernate Configuration loaded.
2015-01-20 11:16:55,079 -0800 [main] INFO  (HibernateUtil.java:29) - Hibernate serviceRegistry created.
2015-01-20 11:17:36,154 -0800 [main] INFO  (HibernateUtil.java:26) - Hibernate Configuration loaded.
2015-01-20 11:17:36,205 -0800 [main] INFO  (HibernateUtil.java:29) - Hibernate serviceRegistry created.
2015-01-20 11:18:11,418 -0800 [main] INFO  (HibernateUtil.java:26) - Hibernate Configuration loaded.
2015-01-20 11:18:11,512 -0800 [main] INFO  (HibernateUtil.java:29) - Hibernate serviceRegistry created.
2015-01-20 11:19:33,537 -0800 [main] INFO  (HibernateUtil.java:26) - Hibernate Configuration loaded.
2015-01-20 11:19:33,622 -0800 [main] INFO  (HibernateUtil.java:29) - Hibernate serviceRegistry created.
2015-01-20 11:19:55,756 -0800 [main] INFO  (HibernateUtil.java:26) - Hibernate Configuration loaded.
2015-01-20 11:19:55,808 -0800 [main] INFO  (HibernateUtil.java:29) - Hibernate serviceRegistry created.
2015-01-20 11:24:09,842 -0800 [main] INFO  (HibernateUtil.java:26) - Hibernate Configuration loaded.
2015-01-20 11:24:09,965 -0800 [main] INFO  (HibernateUtil.java:29) - Hibernate serviceRegistry created.
2015-01-20 11:26:05,504 -0800 [main] INFO  (HibernateUtil.java:26) - Hibernate Configuration loaded.
2015-01-20 11:26:05,582 -0800 [main] INFO  (HibernateUtil.java:29) - Hibernate serviceRegistry created.
2015-01-20 11:28:03,294 -0800 [main] INFO  (HibernateUtil.java:26) - Hibernate Configuration loaded.
2015-01-20 11:28:03,376 -0800 [main] INFO  (HibernateUtil.java:29) - Hibernate serviceRegistry created.
2015-01-20 11:33:16,609 -0800 [main] INFO  (HibernateUtil.java:26) - Hibernate Configuration loaded.
2015-01-20 11:33:16,695 -0800 [main] INFO  (HibernateUtil.java:29) - Hibernate serviceRegistry created.
2015-01-20 11:34:20,612 -0800 [main] INFO  (HibernateUtil.java:26) - Hibernate Configuration loaded.
2015-01-20 11:34:20,702 -0800 [main] INFO  (HibernateUtil.java:29) - Hibernate serviceRegistry created.
2015-01-20 11:57:02,789 -0800 [main] INFO  (HibernateUtil.java:26) - Hibernate Configuration loaded.
2015-01-20 11:57:02,885 -0800 [main] INFO  (HibernateUtil.java:29) - Hibernate serviceRegistry created.
2015-01-20 11:58:17,342 -0800 [main] INFO  (HibernateUtil.java:26) - Hibernate Configuration loaded.
2015-01-20 11:58:17,430 -0800 [main] INFO  (HibernateUtil.java:29) - Hibernate serviceRegistry created.
2015-01-20 12:17:52,037 -0800 [main] INFO  (HibernateUtil.java:26) - Hibernate Configuration loaded.
2015-01-20 12:17:52,125 -0800 [main] INFO  (HibernateUtil.java:29) - Hibernate serviceRegistry created.
2015-01-20 12:19:42,383 -0800 [main] INFO  (HibernateUtil.java:26) - Hibernate Configuration loaded.
2015-01-20 12:19:42,472 -0800 [main] INFO  (HibernateUtil.java:29) - Hibernate serviceRegistry created.
2015-01-20 12:29:30,373 -0800 [main] INFO  (HibernateUtil.java:26) - Hibernate Configuration loaded.
2015-01-20 12:29:30,450 -0800 [main] INFO  (HibernateUtil.java:29) - Hibernate serviceRegistry created.
2015-01-20 12:34:17,944 -0800 [main] INFO  (HibernateUtil.java:26) - Hibernate Configuration loaded.
2015-01-20 12:34:18,032 -0800 [main] INFO  (HibernateUtil.java:29) - Hibernate serviceRegistry created.
2015-01-20 12:38:00,640 -0800 [main] INFO  (HibernateUtil.java:26) - Hibernate Configuration loaded.
2015-01-20 12:38:00,730 -0800 [main] INFO  (HibernateUtil.java:29) - Hibernate serviceRegistry created.
2015-01-20 12:46:32,193 -0800 [main] INFO  (HibernateUtil.java:26) - Hibernate Configuration loaded.
2015-01-20 12:46:32,283 -0800 [main] INFO  (HibernateUtil.java:29) - Hibernate serviceRegistry created.
2015-01-21 08:42:59,177 -0800 [main] INFO  (HibernateUtil.java:26) - Hibernate Configuration loaded.
2015-01-21 08:42:59,257 -0800 [main] INFO  (HibernateUtil.java:29) - Hibernate serviceRegistry created.
2015-01-21 14:36:29,909 -0800 [main] INFO  (HibernateUtil.java:26) - Hibernate Configuration loaded.
2015-01-21 14:36:30,001 -0800 [main] INFO  (HibernateUtil.java:29) - Hibernate serviceRegistry created.
2015-01-21 14:48:31,758 -0800 [main] INFO  (HibernateUtil.java:26) - Hibernate Configuration loaded.
2015-01-21 14:48:31,847 -0800 [main] INFO  (HibernateUtil.java:29) - Hibernate serviceRegistry created.
2015-01-21 14:51:19,389 -0800 [main] INFO  (HibernateUtil.java:26) - Hibernate Configuration loaded.
2015-01-21 14:51:19,441 -0800 [main] INFO  (HibernateUtil.java:29) - Hibernate serviceRegistry created.
2015-01-21 14:52:44,922 -0800 [main] INFO  (HibernateUtil.java:26) - Hibernate Configuration loaded.
2015-01-21 14:52:44,974 -0800 [main] INFO  (HibernateUtil.java:29) - Hibernate serviceRegistry created.
2015-01-21 14:53:17,788 -0800 [main] INFO  (HibernateUtil.java:26) - Hibernate Configuration loaded.
2015-01-21 14:53:17,840 -0800 [main] INFO  (HibernateUtil.java:29) - Hibernate serviceRegistry created.
2015-01-21 14:55:24,075 -0800 [main] INFO  (HibernateUtil.java:26) - Hibernate Configuration loaded.
2015-01-21 14:55:24,159 -0800 [main] INFO  (HibernateUtil.java:29) - Hibernate serviceRegistry created.
2015-01-21 14:55:57,874 -0800 [main] INFO  (HibernateUtil.java:26) - Hibernate Configuration loaded.
2015-01-21 14:55:57,930 -0800 [main] INFO  (HibernateUtil.java:29) - Hibernate serviceRegistry created.
2015-01-21 15:00:25,934 -0800 [main] INFO  (HibernateUtil.java:26) - Hibernate Configuration loaded.
2015-01-21 15:00:26,018 -0800 [main] INFO  (HibernateUtil.java:29) - Hibernate serviceRegistry created.
2015-01-21 15:00:44,309 -0800 [main] INFO  (HibernateUtil.java:26) - Hibernate Configuration loaded.
2015-01-21 15:00:44,364 -0800 [main] INFO  (HibernateUtil.java:29) - Hibernate serviceRegistry created.
2015-01-21 15:02:49,500 -0800 [main] INFO  (HibernateUtil.java:26) - Hibernate Configuration loaded.
2015-01-21 15:02:49,559 -0800 [main] INFO  (HibernateUtil.java:29) - Hibernate serviceRegistry created.
2015-01-21 15:05:18,062 -0800 [main] INFO  (HibernateUtil.java:26) - Hibernate Configuration loaded.
2015-01-21 15:05:18,115 -0800 [main] INFO  (HibernateUtil.java:29) - Hibernate serviceRegistry created.
2015-01-21 15:12:00,351 -0800 [main] INFO  (HibernateUtil.java:26) - Hibernate Configuration loaded.
2015-01-21 15:12:00,403 -0800 [main] INFO  (HibernateUtil.java:29) - Hibernate serviceRegistry created.
2015-01-21 15:22:59,349 -0800 [main] INFO  (HibernateUtil.java:26) - Hibernate Configuration loaded.
2015-01-21 15:22:59,432 -0800 [main] INFO  (HibernateUtil.java:29) - Hibernate serviceRegistry created.
2015-01-21 15:25:02,806 -0800 [main] INFO  (HibernateUtil.java:26) - Hibernate Configuration loaded.
2015-01-21 15:25:02,898 -0800 [main] INFO  (HibernateUtil.java:29) - Hibernate serviceRegistry created.
2015-01-21 15:25:23,862 -0800 [main] INFO  (HibernateUtil.java:26) - Hibernate Configuration loaded.
2015-01-21 15:25:23,916 -0800 [main] INFO  (HibernateUtil.java:29) - Hibernate serviceRegistry created.
2015-01-21 15:40:04,999 -0800 [main] INFO  (HibernateUtil.java:26) - Hibernate Configuration loaded.
2015-01-21 15:40:05,086 -0800 [main] INFO  (HibernateUtil.java:29) - Hibernate serviceRegistry created.
2015-01-21 15:41:46,608 -0800 [main] INFO  (HibernateUtil.java:26) - Hibernate Configuration loaded.
2015-01-21 15:41:46,695 -0800 [main] INFO  (HibernateUtil.java:29) - Hibernate serviceRegistry created.
2015-01-21 15:42:33,264 -0800 [main] INFO  (HibernateUtil.java:26) - Hibernate Configuration loaded.
2015-01-21 15:42:33,317 -0800 [main] INFO  (HibernateUtil.java:29) - Hibernate serviceRegistry created.
2015-01-21 15:44:09,012 -0800 [main] INFO  (HibernateUtil.java:26) - Hibernate Configuration loaded.
2015-01-21 15:44:09,064 -0800 [main] INFO  (HibernateUtil.java:29) - Hibernate serviceRegistry created.
2015-01-21 16:15:41,009 -0800 [main] INFO  (HibernateUtil.java:26) - Hibernate Configuration loaded.
2015-01-21 16:15:41,095 -0800 [main] INFO  (HibernateUtil.java:29) - Hibernate serviceRegistry created.
2015-01-21 18:16:58,123 -0800 [main] INFO  (HibernateUtil.java:26) - Hibernate Configuration loaded.
2015-01-21 18:16:58,220 -0800 [main] INFO  (HibernateUtil.java:29) - Hibernate serviceRegistry created.
2015-01-28 08:19:07,278 -0800 [main] INFO  (HibernateUtil.java:26) - Hibernate Configuration loaded.
2015-01-28 08:19:07,367 -0800 [main] INFO  (HibernateUtil.java:29) - Hibernate serviceRegistry created.
2015-01-28 08:23:21,769 -0800 [main] INFO  (HibernateUtil.java:26) - Hibernate Configuration loaded.
2015-01-28 08:23:21,859 -0800 [main] INFO  (HibernateUtil.java:29) - Hibernate serviceRegistry created.
2015-01-28 09:52:54,725 -0800 [main] INFO  (HibernateUtil.java:26) - Hibernate Configuration loaded.
2015-01-28 09:52:54,811 -0800 [main] INFO  (HibernateUtil.java:29) - Hibernate serviceRegistry created.
2015-01-28 10:37:38,821 -0800 [main] INFO  (HibernateUtil.java:26) - Hibernate Configuration loaded.
2015-01-28 10:37:38,915 -0800 [main] INFO  (HibernateUtil.java:29) - Hibernate serviceRegistry created.
2015-01-28 10:37:40,021 -0800 [main] ERROR (HibernateUtil.java:35) - Initial SessionFactory creation failed.org.hibernate.MappingException: Could not determine type for: org.oregonask.entities.DataTableInfo, at table: SUMMERFOOD, for columns: [org.hibernate.mapping.Column(dataTableInfo)]
2015-01-28 10:47:18,244 -0800 [main] INFO  (HibernateUtil.java:26) - Hibernate Configuration loaded.
2015-01-28 10:47:18,326 -0800 [main] INFO  (HibernateUtil.java:29) - Hibernate serviceRegistry created.
2015-01-28 11:55:53,079 -0800 [main] INFO  (HibernateUtil.java:26) - Hibernate Configuration loaded.
2015-01-28 11:55:53,167 -0800 [main] INFO  (HibernateUtil.java:29) - Hibernate serviceRegistry created.
2015-01-28 12:07:52,577 -0800 [main] INFO  (HibernateUtil.java:26) - Hibernate Configuration loaded.
2015-01-28 12:07:52,629 -0800 [main] INFO  (HibernateUtil.java:29) - Hibernate serviceRegistry created.
2015-01-28 12:09:09,845 -0800 [main] INFO  (HibernateUtil.java:26) - Hibernate Configuration loaded.
2015-01-28 12:09:09,938 -0800 [main] INFO  (HibernateUtil.java:29) - Hibernate serviceRegistry created.
2015-01-28 12:09:27,670 -0800 [main] INFO  (HibernateUtil.java:26) - Hibernate Configuration loaded.
2015-01-28 12:09:27,724 -0800 [main] INFO  (HibernateUtil.java:29) - Hibernate serviceRegistry created.
2015-01-28 12:10:29,557 -0800 [main] INFO  (HibernateUtil.java:26) - Hibernate Configuration loaded.
2015-01-28 12:10:29,610 -0800 [main] INFO  (HibernateUtil.java:29) - Hibernate serviceRegistry created.
2015-01-28 12:15:47,992 -0800 [main] INFO  (HibernateUtil.java:26) - Hibernate Configuration loaded.
2015-01-28 12:15:48,051 -0800 [main] INFO  (HibernateUtil.java:29) - Hibernate serviceRegistry created.
2015-01-28 12:16:35,431 -0800 [main] INFO  (HibernateUtil.java:26) - Hibernate Configuration loaded.
2015-01-28 12:16:35,520 -0800 [main] INFO  (HibernateUtil.java:29) - Hibernate serviceRegistry created.
2015-01-28 12:18:51,016 -0800 [main] INFO  (HibernateUtil.java:26) - Hibernate Configuration loaded.
2015-01-28 12:18:51,096 -0800 [main] INFO  (HibernateUtil.java:29) - Hibernate serviceRegistry created.
2015-01-28 13:17:09,310 -0800 [main] INFO  (HibernateUtil.java:26) - Hibernate Configuration loaded.
2015-01-28 13:17:09,397 -0800 [main] INFO  (HibernateUtil.java:29) - Hibernate serviceRegistry created.
2015-01-28 13:33:34,690 -0800 [main] INFO  (HibernateUtil.java:26) - Hibernate Configuration loaded.
2015-01-28 13:33:34,776 -0800 [main] INFO  (HibernateUtil.java:29) - Hibernate serviceRegistry created.
2015-01-28 13:37:01,297 -0800 [main] INFO  (HibernateUtil.java:26) - Hibernate Configuration loaded.
2015-01-28 13:37:01,423 -0800 [main] INFO  (HibernateUtil.java:29) - Hibernate serviceRegistry created.
2015-01-28 13:50:15,405 -0800 [main] INFO  (HibernateUtil.java:26) - Hibernate Configuration loaded.
2015-01-28 13:50:15,495 -0800 [main] INFO  (HibernateUtil.java:29) - Hibernate serviceRegistry created.
2015-01-28 13:52:27,797 -0800 [main] INFO  (HibernateUtil.java:26) - Hibernate Configuration loaded.
2015-01-28 13:52:27,880 -0800 [main] INFO  (HibernateUtil.java:29) - Hibernate serviceRegistry created.
2015-01-28 13:55:09,110 -0800 [main] INFO  (HibernateUtil.java:26) - Hibernate Configuration loaded.
2015-01-28 13:55:09,191 -0800 [main] INFO  (HibernateUtil.java:29) - Hibernate serviceRegistry created.
2015-01-28 15:20:46,829 -0800 [main] INFO  (HibernateUtil.java:26) - Hibernate Configuration loaded.
2015-01-28 15:20:46,920 -0800 [main] INFO  (HibernateUtil.java:29) - Hibernate serviceRegistry created.
2015-01-28 15:23:49,956 -0800 [main] INFO  (HibernateUtil.java:26) - Hibernate Configuration loaded.
2015-01-28 15:23:50,055 -0800 [main] INFO  (HibernateUtil.java:29) - Hibernate serviceRegistry created.
2015-01-28 15:24:53,981 -0800 [main] INFO  (HibernateUtil.java:26) - Hibernate Configuration loaded.
2015-01-28 15:24:54,034 -0800 [main] INFO  (HibernateUtil.java:29) - Hibernate serviceRegistry created.
2015-01-29 08:41:07,668 -0800 [main] INFO  (HibernateUtil.java:26) - Hibernate Configuration loaded.
2015-01-29 08:41:07,748 -0800 [main] INFO  (HibernateUtil.java:29) - Hibernate serviceRegistry created.
2015-01-29 08:53:18,938 -0800 [main] INFO  (HibernateUtil.java:26) - Hibernate Configuration loaded.
2015-01-29 08:53:19,031 -0800 [main] INFO  (HibernateUtil.java:29) - Hibernate serviceRegistry created.
2015-01-29 08:54:45,328 -0800 [main] INFO  (HibernateUtil.java:26) - Hibernate Configuration loaded.
2015-01-29 08:54:45,418 -0800 [main] INFO  (HibernateUtil.java:29) - Hibernate serviceRegistry created.
2015-01-29 09:05:55,951 -0800 [main] INFO  (HibernateUtil.java:26) - Hibernate Configuration loaded.
2015-01-29 09:05:56,051 -0800 [main] INFO  (HibernateUtil.java:29) - Hibernate serviceRegistry created.
2015-01-29 09:05:57,122 -0800 [main] ERROR (HibernateUtil.java:35) - Initial SessionFactory creation failed.org.hibernate.AnnotationException: mappedBy reference an unknown target entity property: org.oregonask.entities.Nutrition.school in org.oregonask.entities.School.nutritions
2015-01-29 09:07:44,345 -0800 [main] INFO  (HibernateUtil.java:26) - Hibernate Configuration loaded.
2015-01-29 09:07:44,429 -0800 [main] INFO  (HibernateUtil.java:29) - Hibernate serviceRegistry created.
2015-01-29 09:08:26,698 -0800 [main] INFO  (HibernateUtil.java:26) - Hibernate Configuration loaded.
2015-01-29 09:08:26,787 -0800 [main] INFO  (HibernateUtil.java:29) - Hibernate serviceRegistry created.
2015-01-29 09:08:55,303 -0800 [main] INFO  (HibernateUtil.java:26) - Hibernate Configuration loaded.
2015-01-29 09:08:55,359 -0800 [main] INFO  (HibernateUtil.java:29) - Hibernate serviceRegistry created.
2015-01-29 10:01:25,447 -0800 [main] INFO  (HibernateUtil.java:26) - Hibernate Configuration loaded.
2015-01-29 10:01:25,539 -0800 [main] INFO  (HibernateUtil.java:29) - Hibernate serviceRegistry created.
2015-01-29 10:03:36,910 -0800 [main] INFO  (HibernateUtil.java:26) - Hibernate Configuration loaded.
2015-01-29 10:03:36,995 -0800 [main] INFO  (HibernateUtil.java:29) - Hibernate serviceRegistry created.
2015-01-29 10:08:40,090 -0800 [main] INFO  (HibernateUtil.java:26) - Hibernate Configuration loaded.
2015-01-29 10:08:40,170 -0800 [main] INFO  (HibernateUtil.java:29) - Hibernate serviceRegistry created.
2015-01-29 10:10:24,142 -0800 [main] INFO  (HibernateUtil.java:26) - Hibernate Configuration loaded.
2015-01-29 10:10:24,227 -0800 [main] INFO  (HibernateUtil.java:29) - Hibernate serviceRegistry created.
2015-01-29 10:10:58,802 -0800 [main] INFO  (HibernateUtil.java:26) - Hibernate Configuration loaded.
2015-01-29 10:10:58,860 -0800 [main] INFO  (HibernateUtil.java:29) - Hibernate serviceRegistry created.
2015-01-29 10:11:42,685 -0800 [main] INFO  (HibernateUtil.java:26) - Hibernate Configuration loaded.
2015-01-29 10:11:42,768 -0800 [main] INFO  (HibernateUtil.java:29) - Hibernate serviceRegistry created.
2015-01-29 10:12:54,139 -0800 [main] INFO  (HibernateUtil.java:26) - Hibernate Configuration loaded.
2015-01-29 10:12:54,194 -0800 [main] INFO  (HibernateUtil.java:29) - Hibernate serviceRegistry created.
2015-01-29 10:17:07,138 -0800 [main] INFO  (HibernateUtil.java:26) - Hibernate Configuration loaded.
2015-01-29 10:17:07,246 -0800 [main] INFO  (HibernateUtil.java:29) - Hibernate serviceRegistry created.
2015-01-29 10:25:44,139 -0800 [main] INFO  (HibernateUtil.java:26) - Hibernate Configuration loaded.
2015-01-29 10:25:44,225 -0800 [main] INFO  (HibernateUtil.java:29) - Hibernate serviceRegistry created.
2015-01-29 10:26:28,062 -0800 [main] INFO  (HibernateUtil.java:26) - Hibernate Configuration loaded.
2015-01-29 10:26:28,118 -0800 [main] INFO  (HibernateUtil.java:29) - Hibernate serviceRegistry created.
2015-01-29 10:27:15,452 -0800 [main] INFO  (HibernateUtil.java:26) - Hibernate Configuration loaded.
2015-01-29 10:27:15,504 -0800 [main] INFO  (HibernateUtil.java:29) - Hibernate serviceRegistry created.
2015-01-29 10:27:58,100 -0800 [main] INFO  (HibernateUtil.java:26) - Hibernate Configuration loaded.
2015-01-29 10:27:58,183 -0800 [main] INFO  (HibernateUtil.java:29) - Hibernate serviceRegistry created.
2015-01-29 10:30:53,438 -0800 [main] INFO  (HibernateUtil.java:26) - Hibernate Configuration loaded.
2015-01-29 10:30:53,494 -0800 [main] INFO  (HibernateUtil.java:29) - Hibernate serviceRegistry created.
2015-01-29 10:38:31,391 -0800 [main] INFO  (HibernateUtil.java:26) - Hibernate Configuration loaded.
2015-01-29 10:38:31,477 -0800 [main] INFO  (HibernateUtil.java:29) - Hibernate serviceRegistry created.
2015-01-29 10:39:16,102 -0800 [main] INFO  (HibernateUtil.java:26) - Hibernate Configuration loaded.
2015-01-29 10:39:16,156 -0800 [main] INFO  (HibernateUtil.java:29) - Hibernate serviceRegistry created.
2015-01-29 10:43:15,944 -0800 [main] INFO  (HibernateUtil.java:26) - Hibernate Configuration loaded.
2015-01-29 10:43:16,031 -0800 [main] INFO  (HibernateUtil.java:29) - Hibernate serviceRegistry created.
2015-01-29 10:45:03,828 -0800 [main] INFO  (HibernateUtil.java:26) - Hibernate Configuration loaded.
2015-01-29 10:45:03,880 -0800 [main] INFO  (HibernateUtil.java:29) - Hibernate serviceRegistry created.
2015-01-29 10:46:17,718 -0800 [main] INFO  (HibernateUtil.java:26) - Hibernate Configuration loaded.
2015-01-29 10:46:17,774 -0800 [main] INFO  (HibernateUtil.java:29) - Hibernate serviceRegistry created.
2015-01-29 10:48:02,296 -0800 [main] INFO  (HibernateUtil.java:26) - Hibernate Configuration loaded.
2015-01-29 10:48:02,380 -0800 [main] INFO  (HibernateUtil.java:29) - Hibernate serviceRegistry created.
2015-01-29 13:40:56,951 -0800 [main] INFO  (HibernateUtil.java:26) - Hibernate Configuration loaded.
2015-01-29 13:40:57,041 -0800 [main] INFO  (HibernateUtil.java:29) - Hibernate serviceRegistry created.
2015-01-29 13:41:52,146 -0800 [main] INFO  (HibernateUtil.java:26) - Hibernate Configuration loaded.
2015-01-29 13:41:52,231 -0800 [main] INFO  (HibernateUtil.java:29) - Hibernate serviceRegistry created.
2015-01-29 13:43:25,821 -0800 [main] INFO  (HibernateUtil.java:26) - Hibernate Configuration loaded.
2015-01-29 13:43:25,901 -0800 [main] INFO  (HibernateUtil.java:29) - Hibernate serviceRegistry created.
2015-01-29 13:44:25,159 -0800 [main] INFO  (HibernateUtil.java:26) - Hibernate Configuration loaded.
2015-01-29 13:44:25,254 -0800 [main] INFO  (HibernateUtil.java:29) - Hibernate serviceRegistry created.
2015-01-29 13:46:27,274 -0800 [main] INFO  (HibernateUtil.java:26) - Hibernate Configuration loaded.
2015-01-29 13:46:27,357 -0800 [main] INFO  (HibernateUtil.java:29) - Hibernate serviceRegistry created.
2015-01-29 13:47:04,120 -0800 [main] INFO  (HibernateUtil.java:26) - Hibernate Configuration loaded.
2015-01-29 13:47:04,177 -0800 [main] INFO  (HibernateUtil.java:29) - Hibernate serviceRegistry created.
2015-01-29 13:49:30,847 -0800 [main] INFO  (HibernateUtil.java:26) - Hibernate Configuration loaded.
2015-01-29 13:49:30,904 -0800 [main] INFO  (HibernateUtil.java:29) - Hibernate serviceRegistry created.
2015-01-29 13:50:04,754 -0800 [main] INFO  (HibernateUtil.java:26) - Hibernate Configuration loaded.
2015-01-29 13:50:04,812 -0800 [main] INFO  (HibernateUtil.java:29) - Hibernate serviceRegistry created.
2015-01-29 13:50:42,003 -0800 [main] INFO  (HibernateUtil.java:26) - Hibernate Configuration loaded.
2015-01-29 13:50:42,073 -0800 [main] INFO  (HibernateUtil.java:29) - Hibernate serviceRegistry created.
2015-01-29 13:50:46,136 -0800 [main] INFO  (HibernateUtil.java:26) - Hibernate Configuration loaded.
2015-01-29 13:50:46,190 -0800 [main] INFO  (HibernateUtil.java:29) - Hibernate serviceRegistry created.
2015-01-29 13:52:09,684 -0800 [main] INFO  (HibernateUtil.java:26) - Hibernate Configuration loaded.
2015-01-29 13:52:09,763 -0800 [main] INFO  (HibernateUtil.java:29) - Hibernate serviceRegistry created.
2015-01-29 13:52:54,277 -0800 [main] INFO  (HibernateUtil.java:26) - Hibernate Configuration loaded.
2015-01-29 13:52:54,330 -0800 [main] INFO  (HibernateUtil.java:29) - Hibernate serviceRegistry created.
2015-01-29 13:56:27,898 -0800 [main] INFO  (HibernateUtil.java:26) - Hibernate Configuration loaded.
2015-01-29 13:56:27,993 -0800 [main] INFO  (HibernateUtil.java:29) - Hibernate serviceRegistry created.
2015-01-29 13:57:00,362 -0800 [main] INFO  (HibernateUtil.java:26) - Hibernate Configuration loaded.
2015-01-29 13:57:00,451 -0800 [main] INFO  (HibernateUtil.java:29) - Hibernate serviceRegistry created.
2015-01-29 14:01:07,843 -0800 [main] INFO  (HibernateUtil.java:26) - Hibernate Configuration loaded.
2015-01-29 14:01:07,898 -0800 [main] INFO  (HibernateUtil.java:29) - Hibernate serviceRegistry created.
2015-01-29 14:03:33,068 -0800 [main] INFO  (HibernateUtil.java:26) - Hibernate Configuration loaded.
2015-01-29 14:03:33,175 -0800 [main] INFO  (HibernateUtil.java:29) - Hibernate serviceRegistry created.
2015-01-29 14:04:30,122 -0800 [main] INFO  (HibernateUtil.java:26) - Hibernate Configuration loaded.
2015-01-29 14:04:30,175 -0800 [main] INFO  (HibernateUtil.java:29) - Hibernate serviceRegistry created.
2015-01-29 14:05:02,120 -0800 [main] INFO  (HibernateUtil.java:26) - Hibernate Configuration loaded.
2015-01-29 14:05:02,176 -0800 [main] INFO  (HibernateUtil.java:29) - Hibernate serviceRegistry created.
2015-01-29 14:06:02,205 -0800 [main] INFO  (HibernateUtil.java:26) - Hibernate Configuration loaded.
2015-01-29 14:06:02,290 -0800 [main] INFO  (HibernateUtil.java:29) - Hibernate serviceRegistry created.
2015-01-29 14:06:43,184 -0800 [main] INFO  (HibernateUtil.java:26) - Hibernate Configuration loaded.
2015-01-29 14:06:43,240 -0800 [main] INFO  (HibernateUtil.java:29) - Hibernate serviceRegistry created.
2015-01-29 14:10:07,421 -0800 [main] INFO  (HibernateUtil.java:26) - Hibernate Configuration loaded.
2015-01-29 14:10:07,508 -0800 [main] INFO  (HibernateUtil.java:29) - Hibernate serviceRegistry created.
2015-01-29 14:10:44,428 -0800 [main] INFO  (HibernateUtil.java:26) - Hibernate Configuration loaded.
2015-01-29 14:10:44,486 -0800 [main] INFO  (HibernateUtil.java:29) - Hibernate serviceRegistry created.
2015-01-29 14:11:33,231 -0800 [main] INFO  (HibernateUtil.java:26) - Hibernate Configuration loaded.
2015-01-29 14:11:33,308 -0800 [main] INFO  (HibernateUtil.java:29) - Hibernate serviceRegistry created.
2015-01-29 14:12:46,445 -0800 [main] INFO  (HibernateUtil.java:26) - Hibernate Configuration loaded.
2015-01-29 14:12:46,499 -0800 [main] INFO  (HibernateUtil.java:29) - Hibernate serviceRegistry created.
2015-01-29 14:14:08,122 -0800 [main] INFO  (HibernateUtil.java:26) - Hibernate Configuration loaded.
2015-01-29 14:14:08,211 -0800 [main] INFO  (HibernateUtil.java:29) - Hibernate serviceRegistry created.
2015-01-29 14:14:35,932 -0800 [main] INFO  (HibernateUtil.java:26) - Hibernate Configuration loaded.
2015-01-29 14:14:35,984 -0800 [main] INFO  (HibernateUtil.java:29) - Hibernate serviceRegistry created.
2015-01-29 14:15:33,285 -0800 [main] INFO  (HibernateUtil.java:26) - Hibernate Configuration loaded.
2015-01-29 14:15:33,339 -0800 [main] INFO  (HibernateUtil.java:29) - Hibernate serviceRegistry created.
2015-01-29 14:57:51,355 -0800 [main] INFO  (HibernateUtil.java:26) - Hibernate Configuration loaded.
2015-01-29 14:57:51,441 -0800 [main] INFO  (HibernateUtil.java:29) - Hibernate serviceRegistry created.
2015-01-29 14:59:56,562 -0800 [main] INFO  (HibernateUtil.java:26) - Hibernate Configuration loaded.
2015-01-29 14:59:56,645 -0800 [main] INFO  (HibernateUtil.java:29) - Hibernate serviceRegistry created.
2015-01-29 15:04:43,752 -0800 [main] INFO  (HibernateUtil.java:26) - Hibernate Configuration loaded.
2015-01-29 15:04:43,840 -0800 [main] INFO  (HibernateUtil.java:29) - Hibernate serviceRegistry created.
2015-01-29 15:06:19,722 -0800 [main] INFO  (HibernateUtil.java:26) - Hibernate Configuration loaded.
2015-01-29 15:06:19,810 -0800 [main] INFO  (HibernateUtil.java:29) - Hibernate serviceRegistry created.
2015-01-29 15:07:27,314 -0800 [main] INFO  (HibernateUtil.java:26) - Hibernate Configuration loaded.
2015-01-29 15:07:27,409 -0800 [main] INFO  (HibernateUtil.java:29) - Hibernate serviceRegistry created.
2015-01-29 15:09:46,550 -0800 [main] INFO  (HibernateUtil.java:26) - Hibernate Configuration loaded.
2015-01-29 15:09:46,631 -0800 [main] INFO  (HibernateUtil.java:29) - Hibernate serviceRegistry created.
2015-01-29 15:10:21,067 -0800 [main] INFO  (HibernateUtil.java:26) - Hibernate Configuration loaded.
2015-01-29 15:10:21,148 -0800 [main] INFO  (HibernateUtil.java:29) - Hibernate serviceRegistry created.
2015-01-29 15:11:16,086 -0800 [main] INFO  (HibernateUtil.java:26) - Hibernate Configuration loaded.
2015-01-29 15:11:16,169 -0800 [main] INFO  (HibernateUtil.java:29) - Hibernate serviceRegistry created.
2015-01-29 15:14:24,774 -0800 [main] INFO  (HibernateUtil.java:26) - Hibernate Configuration loaded.
2015-01-29 15:14:24,866 -0800 [main] INFO  (HibernateUtil.java:29) - Hibernate serviceRegistry created.
2015-01-29 15:16:07,532 -0800 [main] INFO  (HibernateUtil.java:26) - Hibernate Configuration loaded.
2015-01-29 15:16:07,620 -0800 [main] INFO  (HibernateUtil.java:29) - Hibernate serviceRegistry created.
2015-01-29 15:19:24,172 -0800 [main] INFO  (HibernateUtil.java:26) - Hibernate Configuration loaded.
2015-01-29 15:19:24,254 -0800 [main] INFO  (HibernateUtil.java:29) - Hibernate serviceRegistry created.
2015-01-29 15:23:29,998 -0800 [main] INFO  (HibernateUtil.java:26) - Hibernate Configuration loaded.
2015-01-29 15:23:30,089 -0800 [main] INFO  (HibernateUtil.java:29) - Hibernate serviceRegistry created.
2015-01-29 15:36:10,272 -0800 [main] INFO  (HibernateUtil.java:26) - Hibernate Configuration loaded.
2015-01-29 15:36:10,360 -0800 [main] INFO  (HibernateUtil.java:29) - Hibernate serviceRegistry created.
2015-01-29 15:38:35,687 -0800 [main] INFO  (HibernateUtil.java:26) - Hibernate Configuration loaded.
2015-01-29 15:38:35,770 -0800 [main] INFO  (HibernateUtil.java:29) - Hibernate serviceRegistry created.
2015-01-29 15:39:11,001 -0800 [main] INFO  (HibernateUtil.java:26) - Hibernate Configuration loaded.
2015-01-29 15:39:11,054 -0800 [main] INFO  (HibernateUtil.java:29) - Hibernate serviceRegistry created.
2015-01-29 15:43:45,643 -0800 [main] INFO  (HibernateUtil.java:26) - Hibernate Configuration loaded.
2015-01-29 15:43:45,733 -0800 [main] INFO  (HibernateUtil.java:29) - Hibernate serviceRegistry created.
2015-01-29 15:45:19,159 -0800 [main] INFO  (HibernateUtil.java:26) - Hibernate Configuration loaded.
2015-01-29 15:45:19,214 -0800 [main] INFO  (HibernateUtil.java:29) - Hibernate serviceRegistry created.
2015-01-29 15:46:41,955 -0800 [main] INFO  (HibernateUtil.java:26) - Hibernate Configuration loaded.
2015-01-29 15:46:42,049 -0800 [main] INFO  (HibernateUtil.java:29) - Hibernate serviceRegistry created.
2015-01-29 15:47:39,594 -0800 [main] INFO  (HibernateUtil.java:26) - Hibernate Configuration loaded.
2015-01-29 15:47:39,683 -0800 [main] INFO  (HibernateUtil.java:29) - Hibernate serviceRegistry created.
2015-01-29 15:49:06,685 -0800 [main] INFO  (HibernateUtil.java:26) - Hibernate Configuration loaded.
2015-01-29 15:49:06,781 -0800 [main] INFO  (HibernateUtil.java:29) - Hibernate serviceRegistry created.
2015-01-29 15:50:09,404 -0800 [main] INFO  (HibernateUtil.java:26) - Hibernate Configuration loaded.
2015-01-29 15:50:09,492 -0800 [main] INFO  (HibernateUtil.java:29) - Hibernate serviceRegistry created.
2015-01-29 15:54:49,232 -0800 [main] INFO  (HibernateUtil.java:26) - Hibernate Configuration loaded.
2015-01-29 15:54:49,320 -0800 [main] INFO  (HibernateUtil.java:29) - Hibernate serviceRegistry created.
2015-01-29 15:56:45,171 -0800 [main] INFO  (HibernateUtil.java:26) - Hibernate Configuration loaded.
2015-01-29 15:56:45,313 -0800 [main] INFO  (HibernateUtil.java:29) - Hibernate serviceRegistry created.
2015-01-29 15:58:30,164 -0800 [main] INFO  (HibernateUtil.java:26) - Hibernate Configuration loaded.
2015-01-29 15:58:30,249 -0800 [main] INFO  (HibernateUtil.java:29) - Hibernate serviceRegistry created.
2015-01-29 16:00:01,179 -0800 [main] INFO  (HibernateUtil.java:26) - Hibernate Configuration loaded.
2015-01-29 16:00:01,268 -0800 [main] INFO  (HibernateUtil.java:29) - Hibernate serviceRegistry created.
2015-01-29 16:00:56,997 -0800 [main] INFO  (HibernateUtil.java:26) - Hibernate Configuration loaded.
2015-01-29 16:00:57,084 -0800 [main] INFO  (HibernateUtil.java:29) - Hibernate serviceRegistry created.
2015-01-29 16:02:13,852 -0800 [main] INFO  (HibernateUtil.java:26) - Hibernate Configuration loaded.
2015-01-29 16:02:13,940 -0800 [main] INFO  (HibernateUtil.java:29) - Hibernate serviceRegistry created.
2015-01-29 16:04:35,855 -0800 [main] INFO  (HibernateUtil.java:26) - Hibernate Configuration loaded.
2015-01-29 16:04:35,947 -0800 [main] INFO  (HibernateUtil.java:29) - Hibernate serviceRegistry created.
2015-01-29 16:25:25,849 -0800 [main] INFO  (HibernateUtil.java:26) - Hibernate Configuration loaded.
2015-01-29 16:25:25,929 -0800 [main] INFO  (HibernateUtil.java:29) - Hibernate serviceRegistry created.
2015-01-29 16:27:45,597 -0800 [main] INFO  (HibernateUtil.java:26) - Hibernate Configuration loaded.
2015-01-29 16:27:45,675 -0800 [main] INFO  (HibernateUtil.java:29) - Hibernate serviceRegistry created.
2015-01-29 16:28:56,258 -0800 [main] INFO  (HibernateUtil.java:26) - Hibernate Configuration loaded.
2015-01-29 16:28:56,355 -0800 [main] INFO  (HibernateUtil.java:29) - Hibernate serviceRegistry created.
2015-01-29 16:29:39,087 -0800 [main] INFO  (HibernateUtil.java:26) - Hibernate Configuration loaded.
2015-01-29 16:29:39,170 -0800 [main] INFO  (HibernateUtil.java:29) - Hibernate serviceRegistry created.
2015-01-29 16:31:53,813 -0800 [main] INFO  (HibernateUtil.java:26) - Hibernate Configuration loaded.
2015-01-29 16:31:53,912 -0800 [main] INFO  (HibernateUtil.java:29) - Hibernate serviceRegistry created.
2015-01-29 16:33:07,703 -0800 [main] INFO  (HibernateUtil.java:26) - Hibernate Configuration loaded.
2015-01-29 16:33:07,794 -0800 [main] INFO  (HibernateUtil.java:29) - Hibernate serviceRegistry created.
2015-01-29 16:34:23,790 -0800 [main] INFO  (HibernateUtil.java:26) - Hibernate Configuration loaded.
2015-01-29 16:34:23,873 -0800 [main] INFO  (HibernateUtil.java:29) - Hibernate serviceRegistry created.
2015-01-29 16:36:29,719 -0800 [main] INFO  (HibernateUtil.java:26) - Hibernate Configuration loaded.
2015-01-29 16:36:29,807 -0800 [main] INFO  (HibernateUtil.java:29) - Hibernate serviceRegistry created.
2015-01-29 16:37:04,213 -0800 [main] INFO  (HibernateUtil.java:26) - Hibernate Configuration loaded.
2015-01-29 16:37:04,270 -0800 [main] INFO  (HibernateUtil.java:29) - Hibernate serviceRegistry created.
2015-01-29 16:37:53,127 -0800 [main] INFO  (HibernateUtil.java:26) - Hibernate Configuration loaded.
2015-01-29 16:37:53,216 -0800 [main] INFO  (HibernateUtil.java:29) - Hibernate serviceRegistry created.
2015-01-29 16:39:00,411 -0800 [main] INFO  (HibernateUtil.java:26) - Hibernate Configuration loaded.
2015-01-29 16:39:00,499 -0800 [main] INFO  (HibernateUtil.java:29) - Hibernate serviceRegistry created.
2015-01-29 16:39:48,402 -0800 [main] INFO  (HibernateUtil.java:26) - Hibernate Configuration loaded.
2015-01-29 16:39:48,456 -0800 [main] INFO  (HibernateUtil.java:29) - Hibernate serviceRegistry created.
2015-01-29 16:41:10,591 -0800 [main] INFO  (HibernateUtil.java:26) - Hibernate Configuration loaded.
2015-01-29 16:41:10,674 -0800 [main] INFO  (HibernateUtil.java:29) - Hibernate serviceRegistry created.
2015-01-29 16:43:47,192 -0800 [main] INFO  (HibernateUtil.java:26) - Hibernate Configuration loaded.
2015-01-29 16:43:47,275 -0800 [main] INFO  (HibernateUtil.java:29) - Hibernate serviceRegistry created.
2015-01-29 16:45:07,113 -0800 [main] INFO  (HibernateUtil.java:26) - Hibernate Configuration loaded.
2015-01-29 16:45:07,169 -0800 [main] INFO  (HibernateUtil.java:29) - Hibernate serviceRegistry created.
2015-01-29 16:47:06,022 -0800 [main] INFO  (HibernateUtil.java:26) - Hibernate Configuration loaded.
2015-01-29 16:47:06,105 -0800 [main] INFO  (HibernateUtil.java:29) - Hibernate serviceRegistry created.
2015-01-29 16:47:53,676 -0800 [main] INFO  (HibernateUtil.java:26) - Hibernate Configuration loaded.
2015-01-29 16:47:53,735 -0800 [main] INFO  (HibernateUtil.java:29) - Hibernate serviceRegistry created.
2015-01-29 16:48:31,510 -0800 [main] INFO  (HibernateUtil.java:26) - Hibernate Configuration loaded.
2015-01-29 16:48:31,565 -0800 [main] INFO  (HibernateUtil.java:29) - Hibernate serviceRegistry created.
2015-01-29 16:50:54,343 -0800 [main] INFO  (HibernateUtil.java:26) - Hibernate Configuration loaded.
2015-01-29 16:50:54,433 -0800 [main] INFO  (HibernateUtil.java:29) - Hibernate serviceRegistry created.
2015-01-30 08:57:09,725 -0800 [main] INFO  (HibernateUtil.java:26) - Hibernate Configuration loaded.
2015-01-30 08:57:09,812 -0800 [main] INFO  (HibernateUtil.java:29) - Hibernate serviceRegistry created.
2015-01-30 09:00:41,746 -0800 [main] INFO  (HibernateUtil.java:26) - Hibernate Configuration loaded.
2015-01-30 09:00:41,823 -0800 [main] INFO  (HibernateUtil.java:29) - Hibernate serviceRegistry created.
2015-01-30 09:04:40,034 -0800 [main] INFO  (HibernateUtil.java:26) - Hibernate Configuration loaded.
2015-01-30 09:04:40,121 -0800 [main] INFO  (HibernateUtil.java:29) - Hibernate serviceRegistry created.
2015-01-30 09:05:17,560 -0800 [main] INFO  (HibernateUtil.java:26) - Hibernate Configuration loaded.
2015-01-30 09:05:17,615 -0800 [main] INFO  (HibernateUtil.java:29) - Hibernate serviceRegistry created.
2015-01-30 09:08:59,041 -0800 [main] INFO  (HibernateUtil.java:26) - Hibernate Configuration loaded.
2015-01-30 09:08:59,123 -0800 [main] INFO  (HibernateUtil.java:29) - Hibernate serviceRegistry created.
2015-01-30 09:09:50,764 -0800 [main] INFO  (HibernateUtil.java:26) - Hibernate Configuration loaded.
2015-01-30 09:09:50,853 -0800 [main] INFO  (HibernateUtil.java:29) - Hibernate serviceRegistry created.
2015-01-30 09:10:46,309 -0800 [main] INFO  (HibernateUtil.java:26) - Hibernate Configuration loaded.
2015-01-30 09:10:46,361 -0800 [main] INFO  (HibernateUtil.java:29) - Hibernate serviceRegistry created.
2015-01-30 09:12:05,963 -0800 [main] INFO  (HibernateUtil.java:26) - Hibernate Configuration loaded.
2015-01-30 09:12:06,018 -0800 [main] INFO  (HibernateUtil.java:29) - Hibernate serviceRegistry created.
2015-01-30 09:15:34,995 -0800 [main] INFO  (HibernateUtil.java:26) - Hibernate Configuration loaded.
2015-01-30 09:15:35,086 -0800 [main] INFO  (HibernateUtil.java:29) - Hibernate serviceRegistry created.
2015-01-30 09:16:56,277 -0800 [main] INFO  (HibernateUtil.java:26) - Hibernate Configuration loaded.
2015-01-30 09:16:56,374 -0800 [main] INFO  (HibernateUtil.java:29) - Hibernate serviceRegistry created.
2015-01-30 09:18:44,500 -0800 [main] INFO  (HibernateUtil.java:26) - Hibernate Configuration loaded.
2015-01-30 09:18:44,587 -0800 [main] INFO  (HibernateUtil.java:29) - Hibernate serviceRegistry created.
2015-01-30 09:19:28,743 -0800 [main] INFO  (HibernateUtil.java:26) - Hibernate Configuration loaded.
2015-01-30 09:19:28,797 -0800 [main] INFO  (HibernateUtil.java:29) - Hibernate serviceRegistry created.
2015-01-30 09:21:10,456 -0800 [main] INFO  (HibernateUtil.java:26) - Hibernate Configuration loaded.
2015-01-30 09:21:10,508 -0800 [main] INFO  (HibernateUtil.java:29) - Hibernate serviceRegistry created.
2015-01-30 09:22:01,174 -0800 [main] INFO  (HibernateUtil.java:26) - Hibernate Configuration loaded.
2015-01-30 09:22:01,227 -0800 [main] INFO  (HibernateUtil.java:29) - Hibernate serviceRegistry created.
2015-01-30 09:22:51,278 -0800 [main] INFO  (HibernateUtil.java:26) - Hibernate Configuration loaded.
2015-01-30 09:22:51,333 -0800 [main] INFO  (HibernateUtil.java:29) - Hibernate serviceRegistry created.
2015-01-30 09:24:51,886 -0800 [main] INFO  (HibernateUtil.java:26) - Hibernate Configuration loaded.
2015-01-30 09:24:51,976 -0800 [main] INFO  (HibernateUtil.java:29) - Hibernate serviceRegistry created.
2015-01-30 09:25:34,110 -0800 [main] INFO  (HibernateUtil.java:26) - Hibernate Configuration loaded.
2015-01-30 09:25:34,165 -0800 [main] INFO  (HibernateUtil.java:29) - Hibernate serviceRegistry created.
2015-01-30 09:26:20,406 -0800 [main] INFO  (HibernateUtil.java:26) - Hibernate Configuration loaded.
2015-01-30 09:26:20,459 -0800 [main] INFO  (HibernateUtil.java:29) - Hibernate serviceRegistry created.
2015-01-30 09:31:22,133 -0800 [main] INFO  (HibernateUtil.java:26) - Hibernate Configuration loaded.
2015-01-30 09:31:22,224 -0800 [main] INFO  (HibernateUtil.java:29) - Hibernate serviceRegistry created.
2015-01-30 09:32:30,250 -0800 [main] INFO  (HibernateUtil.java:26) - Hibernate Configuration loaded.
2015-01-30 09:32:30,304 -0800 [main] INFO  (HibernateUtil.java:29) - Hibernate serviceRegistry created.
2015-01-30 09:35:32,864 -0800 [main] INFO  (HibernateUtil.java:26) - Hibernate Configuration loaded.
2015-01-30 09:35:32,946 -0800 [main] INFO  (HibernateUtil.java:29) - Hibernate serviceRegistry created.
2015-01-30 09:38:00,582 -0800 [main] INFO  (HibernateUtil.java:26) - Hibernate Configuration loaded.
2015-01-30 09:38:00,659 -0800 [main] INFO  (HibernateUtil.java:29) - Hibernate serviceRegistry created.
2015-01-30 09:39:26,540 -0800 [main] INFO  (HibernateUtil.java:26) - Hibernate Configuration loaded.
2015-01-30 09:39:26,596 -0800 [main] INFO  (HibernateUtil.java:29) - Hibernate serviceRegistry created.
2015-01-30 09:39:54,819 -0800 [main] INFO  (HibernateUtil.java:26) - Hibernate Configuration loaded.
2015-01-30 09:39:54,872 -0800 [main] INFO  (HibernateUtil.java:29) - Hibernate serviceRegistry created.
2015-01-30 09:41:03,748 -0800 [main] INFO  (HibernateUtil.java:26) - Hibernate Configuration loaded.
2015-01-30 09:41:03,805 -0800 [main] INFO  (HibernateUtil.java:29) - Hibernate serviceRegistry created.
2015-01-30 09:43:35,764 -0800 [main] INFO  (HibernateUtil.java:26) - Hibernate Configuration loaded.
2015-01-30 09:43:35,817 -0800 [main] INFO  (HibernateUtil.java:29) - Hibernate serviceRegistry created.
2015-01-30 09:47:04,664 -0800 [main] INFO  (HibernateUtil.java:26) - Hibernate Configuration loaded.
2015-01-30 09:47:04,723 -0800 [main] INFO  (HibernateUtil.java:29) - Hibernate serviceRegistry created.
2015-01-30 09:51:29,731 -0800 [main] INFO  (HibernateUtil.java:26) - Hibernate Configuration loaded.
2015-01-30 09:51:29,786 -0800 [main] INFO  (HibernateUtil.java:29) - Hibernate serviceRegistry created.
2015-01-30 09:53:37,911 -0800 [main] INFO  (HibernateUtil.java:26) - Hibernate Configuration loaded.
2015-01-30 09:53:37,987 -0800 [main] INFO  (HibernateUtil.java:29) - Hibernate serviceRegistry created.
2015-01-30 10:38:17,042 -0800 [main] INFO  (HibernateUtil.java:26) - Hibernate Configuration loaded.
2015-01-30 10:38:17,139 -0800 [main] INFO  (HibernateUtil.java:29) - Hibernate serviceRegistry created.
2015-02-02 08:53:15,873 -0800 [main] INFO  (HibernateUtil.java:26) - Hibernate Configuration loaded.
2015-02-02 08:53:15,947 -0800 [main] INFO  (HibernateUtil.java:29) - Hibernate serviceRegistry created.
2015-02-03 08:42:02,298 -0800 [main] INFO  (HibernateUtil.java:26) - Hibernate Configuration loaded.
2015-02-03 08:42:02,383 -0800 [main] INFO  (HibernateUtil.java:29) - Hibernate serviceRegistry created.
2015-02-03 12:13:23,324 -0800 [main] INFO  (HibernateUtil.java:26) - Hibernate Configuration loaded.
2015-02-03 12:13:23,411 -0800 [main] INFO  (HibernateUtil.java:29) - Hibernate serviceRegistry created.
2015-02-04 08:59:02,597 -0800 [main] INFO  (HibernateUtil.java:26) - Hibernate Configuration loaded.
2015-02-04 08:59:02,684 -0800 [main] INFO  (HibernateUtil.java:29) - Hibernate serviceRegistry created.
2015-02-04 15:21:11,629 -0800 [main] INFO  (HibernateUtil.java:26) - Hibernate Configuration loaded.
2015-02-04 15:21:11,718 -0800 [main] INFO  (HibernateUtil.java:29) - Hibernate serviceRegistry created.
