2015-01-12 14:43:51,950 -0800 [main] INFO  (JavaReflectionManager.java:66) - HCANN000001: Hibernate Commons Annotations {4.0.4.Final}
2015-01-12 14:43:51,963 -0800 [main] INFO  (Version.java:54) - HHH000412: Hibernate Core {4.3.5.Final}
2015-01-12 14:43:51,968 -0800 [main] INFO  (Environment.java:239) - HHH000206: hibernate.properties not found
2015-01-12 14:43:51,970 -0800 [main] INFO  (Environment.java:346) - HHH000021: Bytecode provider name : javassist
2015-01-12 14:43:52,004 -0800 [main] INFO  (Configuration.java:2073) - HHH000043: Configuring from resource: hibernate.cfg.xml
2015-01-12 14:43:52,004 -0800 [main] INFO  (Configuration.java:2092) - HHH000040: Configuration resource: hibernate.cfg.xml
2015-01-12 14:43:52,074 -0800 [main] INFO  (Configuration.java:2214) - HHH000041: Configured SessionFactory: null
2015-01-12 14:43:52,185 -0800 [main] INFO  (ConnectionProviderInitiator.java:190) - HHH000130: Instantiating explicit connection provider: com.zaxxer.hikari.hibernate.HikariConnectionProvider
2015-01-12 14:43:54,046 -0800 [main] INFO  (Dialect.java:145) - HHH000400: Using dialect: org.hibernate.dialect.MySQLInnoDBDialect
2015-01-12 14:43:54,055 -0800 [main] INFO  (LobCreatorBuilder.java:97) - HHH000423: Disabling contextual LOB creation as JDBC driver reported JDBC version [3] less than 4
2015-01-12 14:43:54,282 -0800 [main] INFO  (TransactionFactoryInitiator.java:62) - HHH000399: Using default transaction strategy (direct JDBC transactions)
2015-01-12 14:43:54,288 -0800 [main] INFO  (ASTQueryTranslatorFactory.java:47) - HHH000397: Using ASTQueryTranslatorFactory
2015-01-12 14:44:51,348 -0800 [qtp1623277139-31] WARN  (SqlExceptionHelper.java:144) - SQL Error: 1146, SQLState: 42S02
2015-01-12 14:44:51,349 -0800 [qtp1623277139-31] ERROR (SqlExceptionHelper.java:146) - Table 'heroku_1ed0cb91fff7262.user' doesn't exist
2015-01-12 14:49:23,921 -0800 [qtp1623277139-47] WARN  (SqlExceptionHelper.java:144) - SQL Error: 1146, SQLState: 42S02
2015-01-12 14:49:23,924 -0800 [qtp1623277139-47] ERROR (SqlExceptionHelper.java:146) - Table 'heroku_1ed0cb91fff7262.user' doesn't exist
2015-01-12 14:53:04,053 -0800 [main] INFO  (JavaReflectionManager.java:66) - HCANN000001: Hibernate Commons Annotations {4.0.4.Final}
2015-01-12 14:53:04,069 -0800 [main] INFO  (Version.java:54) - HHH000412: Hibernate Core {4.3.5.Final}
2015-01-12 14:53:04,074 -0800 [main] INFO  (Environment.java:239) - HHH000206: hibernate.properties not found
2015-01-12 14:53:04,076 -0800 [main] INFO  (Environment.java:346) - HHH000021: Bytecode provider name : javassist
2015-01-12 14:53:04,115 -0800 [main] INFO  (Configuration.java:2073) - HHH000043: Configuring from resource: hibernate.cfg.xml
2015-01-12 14:53:04,115 -0800 [main] INFO  (Configuration.java:2092) - HHH000040: Configuration resource: hibernate.cfg.xml
2015-01-12 14:53:04,181 -0800 [main] INFO  (Configuration.java:2214) - HHH000041: Configured SessionFactory: null
2015-01-12 14:53:04,271 -0800 [main] INFO  (ConnectionProviderInitiator.java:190) - HHH000130: Instantiating explicit connection provider: com.zaxxer.hikari.hibernate.HikariConnectionProvider
2015-01-12 14:53:07,247 -0800 [main] INFO  (Dialect.java:145) - HHH000400: Using dialect: org.hibernate.dialect.MySQLInnoDBDialect
2015-01-12 14:53:07,256 -0800 [main] INFO  (LobCreatorBuilder.java:97) - HHH000423: Disabling contextual LOB creation as JDBC driver reported JDBC version [3] less than 4
2015-01-12 14:53:07,472 -0800 [main] INFO  (TransactionFactoryInitiator.java:62) - HHH000399: Using default transaction strategy (direct JDBC transactions)
2015-01-12 14:53:07,478 -0800 [main] INFO  (ASTQueryTranslatorFactory.java:47) - HHH000397: Using ASTQueryTranslatorFactory
2015-01-12 15:00:19,176 -0800 [main] INFO  (JavaReflectionManager.java:66) - HCANN000001: Hibernate Commons Annotations {4.0.4.Final}
2015-01-12 15:00:19,191 -0800 [main] INFO  (Version.java:54) - HHH000412: Hibernate Core {4.3.5.Final}
2015-01-12 15:00:19,197 -0800 [main] INFO  (Environment.java:239) - HHH000206: hibernate.properties not found
2015-01-12 15:00:19,198 -0800 [main] INFO  (Environment.java:346) - HHH000021: Bytecode provider name : javassist
2015-01-12 15:00:19,234 -0800 [main] INFO  (Configuration.java:2073) - HHH000043: Configuring from resource: hibernate.cfg.xml
2015-01-12 15:00:19,234 -0800 [main] INFO  (Configuration.java:2092) - HHH000040: Configuration resource: hibernate.cfg.xml
2015-01-12 15:00:19,302 -0800 [main] INFO  (Configuration.java:2214) - HHH000041: Configured SessionFactory: null
2015-01-12 15:00:19,402 -0800 [main] INFO  (ConnectionProviderInitiator.java:190) - HHH000130: Instantiating explicit connection provider: com.zaxxer.hikari.hibernate.HikariConnectionProvider
2015-01-12 15:00:23,123 -0800 [main] INFO  (Dialect.java:145) - HHH000400: Using dialect: org.hibernate.dialect.MySQLInnoDBDialect
2015-01-12 15:00:23,132 -0800 [main] INFO  (LobCreatorBuilder.java:97) - HHH000423: Disabling contextual LOB creation as JDBC driver reported JDBC version [3] less than 4
2015-01-12 15:00:23,359 -0800 [main] INFO  (TransactionFactoryInitiator.java:62) - HHH000399: Using default transaction strategy (direct JDBC transactions)
2015-01-12 15:00:23,364 -0800 [main] INFO  (ASTQueryTranslatorFactory.java:47) - HHH000397: Using ASTQueryTranslatorFactory
2015-01-12 15:00:30,935 -0800 [qtp2104135693-31] WARN  (SqlExceptionHelper.java:144) - SQL Error: 1146, SQLState: 42S02
2015-01-12 15:00:30,936 -0800 [qtp2104135693-31] ERROR (SqlExceptionHelper.java:146) - Table 'heroku_b1df85fd8bccb29.user' doesn't exist
2015-01-12 15:01:27,739 -0800 [main] INFO  (JavaReflectionManager.java:66) - HCANN000001: Hibernate Commons Annotations {4.0.4.Final}
2015-01-12 15:01:27,746 -0800 [main] INFO  (Version.java:54) - HHH000412: Hibernate Core {4.3.5.Final}
2015-01-12 15:01:27,749 -0800 [main] INFO  (Environment.java:239) - HHH000206: hibernate.properties not found
2015-01-12 15:01:27,751 -0800 [main] INFO  (Environment.java:346) - HHH000021: Bytecode provider name : javassist
2015-01-12 15:01:27,772 -0800 [main] INFO  (Configuration.java:2073) - HHH000043: Configuring from resource: hibernate.cfg.xml
2015-01-12 15:01:27,772 -0800 [main] INFO  (Configuration.java:2092) - HHH000040: Configuration resource: hibernate.cfg.xml
2015-01-12 15:01:27,825 -0800 [main] INFO  (Configuration.java:2214) - HHH000041: Configured SessionFactory: null
2015-01-12 15:01:27,881 -0800 [main] INFO  (ConnectionProviderInitiator.java:190) - HHH000130: Instantiating explicit connection provider: com.zaxxer.hikari.hibernate.HikariConnectionProvider
2015-01-12 15:01:36,102 -0800 [main] INFO  (Dialect.java:145) - HHH000400: Using dialect: org.hibernate.dialect.MySQLInnoDBDialect
2015-01-12 15:01:36,109 -0800 [main] INFO  (LobCreatorBuilder.java:97) - HHH000423: Disabling contextual LOB creation as JDBC driver reported JDBC version [3] less than 4
2015-01-12 15:01:36,288 -0800 [main] INFO  (TransactionFactoryInitiator.java:62) - HHH000399: Using default transaction strategy (direct JDBC transactions)
2015-01-12 15:01:36,291 -0800 [main] INFO  (ASTQueryTranslatorFactory.java:47) - HHH000397: Using ASTQueryTranslatorFactory
2015-01-12 15:01:42,243 -0800 [qtp592832235-31] WARN  (SqlExceptionHelper.java:144) - SQL Error: 1146, SQLState: 42S02
2015-01-12 15:01:42,244 -0800 [qtp592832235-31] ERROR (SqlExceptionHelper.java:146) - Table 'heroku_b1df85fd8bccb29.user' doesn't exist
2015-01-12 15:17:26,673 -0800 [main] INFO  (JavaReflectionManager.java:66) - HCANN000001: Hibernate Commons Annotations {4.0.4.Final}
2015-01-12 15:17:26,685 -0800 [main] INFO  (Version.java:54) - HHH000412: Hibernate Core {4.3.5.Final}
2015-01-12 15:17:26,690 -0800 [main] INFO  (Environment.java:239) - HHH000206: hibernate.properties not found
2015-01-12 15:17:26,692 -0800 [main] INFO  (Environment.java:346) - HHH000021: Bytecode provider name : javassist
2015-01-12 15:17:26,730 -0800 [main] INFO  (Configuration.java:2073) - HHH000043: Configuring from resource: hibernate.cfg.xml
2015-01-12 15:17:26,730 -0800 [main] INFO  (Configuration.java:2092) - HHH000040: Configuration resource: hibernate.cfg.xml
2015-01-12 15:17:26,797 -0800 [main] INFO  (Configuration.java:2214) - HHH000041: Configured SessionFactory: null
2015-01-12 15:17:26,898 -0800 [main] INFO  (ConnectionProviderInitiator.java:190) - HHH000130: Instantiating explicit connection provider: com.zaxxer.hikari.hibernate.HikariConnectionProvider
2015-01-12 15:17:28,833 -0800 [main] INFO  (Dialect.java:145) - HHH000400: Using dialect: org.hibernate.dialect.MySQLInnoDBDialect
2015-01-12 15:17:28,841 -0800 [main] INFO  (LobCreatorBuilder.java:97) - HHH000423: Disabling contextual LOB creation as JDBC driver reported JDBC version [3] less than 4
2015-01-12 15:17:29,062 -0800 [main] INFO  (TransactionFactoryInitiator.java:62) - HHH000399: Using default transaction strategy (direct JDBC transactions)
2015-01-12 15:17:29,068 -0800 [main] INFO  (ASTQueryTranslatorFactory.java:47) - HHH000397: Using ASTQueryTranslatorFactory
2015-01-12 15:27:32,238 -0800 [main] INFO  (JavaReflectionManager.java:66) - HCANN000001: Hibernate Commons Annotations {4.0.4.Final}
2015-01-12 15:27:32,250 -0800 [main] INFO  (Version.java:54) - HHH000412: Hibernate Core {4.3.5.Final}
2015-01-12 15:27:32,255 -0800 [main] INFO  (Environment.java:239) - HHH000206: hibernate.properties not found
2015-01-12 15:27:32,257 -0800 [main] INFO  (Environment.java:346) - HHH000021: Bytecode provider name : javassist
2015-01-12 15:27:32,289 -0800 [main] INFO  (Configuration.java:2073) - HHH000043: Configuring from resource: hibernate.cfg.xml
2015-01-12 15:27:32,290 -0800 [main] INFO  (Configuration.java:2092) - HHH000040: Configuration resource: hibernate.cfg.xml
2015-01-12 15:27:32,358 -0800 [main] INFO  (Configuration.java:2214) - HHH000041: Configured SessionFactory: null
2015-01-12 15:27:32,461 -0800 [main] INFO  (ConnectionProviderInitiator.java:190) - HHH000130: Instantiating explicit connection provider: com.zaxxer.hikari.hibernate.HikariConnectionProvider
2015-01-12 15:27:34,489 -0800 [main] INFO  (Dialect.java:145) - HHH000400: Using dialect: org.hibernate.dialect.MySQLInnoDBDialect
2015-01-12 15:27:34,498 -0800 [main] INFO  (LobCreatorBuilder.java:97) - HHH000423: Disabling contextual LOB creation as JDBC driver reported JDBC version [3] less than 4
2015-01-12 15:27:34,730 -0800 [main] INFO  (TransactionFactoryInitiator.java:62) - HHH000399: Using default transaction strategy (direct JDBC transactions)
2015-01-12 15:27:34,737 -0800 [main] INFO  (ASTQueryTranslatorFactory.java:47) - HHH000397: Using ASTQueryTranslatorFactory
2015-01-12 16:01:19,282 -0800 [main] INFO  (JavaReflectionManager.java:66) - HCANN000001: Hibernate Commons Annotations {4.0.4.Final}
2015-01-12 16:01:19,298 -0800 [main] INFO  (Version.java:54) - HHH000412: Hibernate Core {4.3.5.Final}
2015-01-12 16:01:19,303 -0800 [main] INFO  (Environment.java:239) - HHH000206: hibernate.properties not found
2015-01-12 16:01:19,305 -0800 [main] INFO  (Environment.java:346) - HHH000021: Bytecode provider name : javassist
2015-01-12 16:01:19,341 -0800 [main] INFO  (Configuration.java:2073) - HHH000043: Configuring from resource: hibernate.cfg.xml
2015-01-12 16:01:19,341 -0800 [main] INFO  (Configuration.java:2092) - HHH000040: Configuration resource: hibernate.cfg.xml
2015-01-12 16:01:19,408 -0800 [main] INFO  (Configuration.java:2214) - HHH000041: Configured SessionFactory: null
2015-01-12 16:01:19,499 -0800 [main] INFO  (ConnectionProviderInitiator.java:190) - HHH000130: Instantiating explicit connection provider: com.zaxxer.hikari.hibernate.HikariConnectionProvider
2015-01-12 16:01:39,559 -0800 [main] INFO  (JavaReflectionManager.java:66) - HCANN000001: Hibernate Commons Annotations {4.0.4.Final}
2015-01-12 16:01:39,573 -0800 [main] INFO  (Version.java:54) - HHH000412: Hibernate Core {4.3.5.Final}
2015-01-12 16:01:39,577 -0800 [main] INFO  (Environment.java:239) - HHH000206: hibernate.properties not found
2015-01-12 16:01:39,579 -0800 [main] INFO  (Environment.java:346) - HHH000021: Bytecode provider name : javassist
2015-01-12 16:01:39,612 -0800 [main] INFO  (Configuration.java:2073) - HHH000043: Configuring from resource: hibernate.cfg.xml
2015-01-12 16:01:39,612 -0800 [main] INFO  (Configuration.java:2092) - HHH000040: Configuration resource: hibernate.cfg.xml
2015-01-12 16:01:39,683 -0800 [main] INFO  (Configuration.java:2214) - HHH000041: Configured SessionFactory: null
2015-01-12 16:01:39,780 -0800 [main] INFO  (ConnectionProviderInitiator.java:190) - HHH000130: Instantiating explicit connection provider: com.zaxxer.hikari.hibernate.HikariConnectionProvider
2015-01-12 16:01:41,659 -0800 [main] INFO  (Dialect.java:145) - HHH000400: Using dialect: org.hibernate.dialect.MySQLInnoDBDialect
2015-01-12 16:01:41,667 -0800 [main] INFO  (LobCreatorBuilder.java:97) - HHH000423: Disabling contextual LOB creation as JDBC driver reported JDBC version [3] less than 4
2015-01-12 16:01:41,886 -0800 [main] INFO  (TransactionFactoryInitiator.java:62) - HHH000399: Using default transaction strategy (direct JDBC transactions)
2015-01-12 16:01:41,891 -0800 [main] INFO  (ASTQueryTranslatorFactory.java:47) - HHH000397: Using ASTQueryTranslatorFactory
2015-01-12 16:03:47,748 -0800 [main] INFO  (JavaReflectionManager.java:66) - HCANN000001: Hibernate Commons Annotations {4.0.4.Final}
2015-01-12 16:03:47,760 -0800 [main] INFO  (Version.java:54) - HHH000412: Hibernate Core {4.3.5.Final}
2015-01-12 16:03:47,765 -0800 [main] INFO  (Environment.java:239) - HHH000206: hibernate.properties not found
2015-01-12 16:03:47,767 -0800 [main] INFO  (Environment.java:346) - HHH000021: Bytecode provider name : javassist
2015-01-12 16:03:47,798 -0800 [main] INFO  (Configuration.java:2073) - HHH000043: Configuring from resource: hibernate.cfg.xml
2015-01-12 16:03:47,799 -0800 [main] INFO  (Configuration.java:2092) - HHH000040: Configuration resource: hibernate.cfg.xml
2015-01-12 16:03:47,870 -0800 [main] INFO  (Configuration.java:2214) - HHH000041: Configured SessionFactory: null
2015-01-12 16:03:47,959 -0800 [main] INFO  (ConnectionProviderInitiator.java:190) - HHH000130: Instantiating explicit connection provider: com.zaxxer.hikari.hibernate.HikariConnectionProvider
2015-01-12 16:03:50,544 -0800 [main] INFO  (Dialect.java:145) - HHH000400: Using dialect: org.hibernate.dialect.MySQLInnoDBDialect
2015-01-12 16:03:50,554 -0800 [main] INFO  (LobCreatorBuilder.java:97) - HHH000423: Disabling contextual LOB creation as JDBC driver reported JDBC version [3] less than 4
2015-01-12 16:03:50,772 -0800 [main] INFO  (TransactionFactoryInitiator.java:62) - HHH000399: Using default transaction strategy (direct JDBC transactions)
2015-01-12 16:03:50,778 -0800 [main] INFO  (ASTQueryTranslatorFactory.java:47) - HHH000397: Using ASTQueryTranslatorFactory
2015-01-12 16:04:05,608 -0800 [qtp2104135693-34] WARN  (SqlExceptionHelper.java:144) - SQL Error: 1142, SQLState: 42000
2015-01-12 16:04:05,609 -0800 [qtp2104135693-34] ERROR (SqlExceptionHelper.java:146) - SELECT command denied to user 'b4441f981ca4ab'@'67.139.72.178' for table 'contact'
2015-01-12 16:05:06,999 -0800 [qtp2104135693-34] WARN  (SqlExceptionHelper.java:144) - SQL Error: 1142, SQLState: 42000
2015-01-12 16:05:07,003 -0800 [qtp2104135693-34] ERROR (SqlExceptionHelper.java:146) - SELECT command denied to user 'b4441f981ca4ab'@'67.139.72.178' for table 'contact'
2015-01-12 16:05:19,794 -0800 [qtp2104135693-38] WARN  (SqlExceptionHelper.java:144) - SQL Error: 1142, SQLState: 42000
2015-01-12 16:05:19,795 -0800 [qtp2104135693-38] ERROR (SqlExceptionHelper.java:146) - SELECT command denied to user 'b4441f981ca4ab'@'67.139.72.178' for table 'category'
2015-01-13 12:05:26,776 -0800 [main] INFO  (JavaReflectionManager.java:66) - HCANN000001: Hibernate Commons Annotations {4.0.4.Final}
2015-01-13 12:05:26,793 -0800 [main] INFO  (Version.java:54) - HHH000412: Hibernate Core {4.3.5.Final}
2015-01-13 12:05:26,800 -0800 [main] INFO  (Environment.java:239) - HHH000206: hibernate.properties not found
2015-01-13 12:05:26,802 -0800 [main] INFO  (Environment.java:346) - HHH000021: Bytecode provider name : javassist
2015-01-13 12:05:26,834 -0800 [main] INFO  (Configuration.java:2073) - HHH000043: Configuring from resource: hibernate.cfg.xml
2015-01-13 12:05:26,834 -0800 [main] INFO  (Configuration.java:2092) - HHH000040: Configuration resource: hibernate.cfg.xml
2015-01-13 12:05:26,901 -0800 [main] INFO  (Configuration.java:2214) - HHH000041: Configured SessionFactory: null
2015-01-13 12:05:26,998 -0800 [main] INFO  (ConnectionProviderInitiator.java:190) - HHH000130: Instantiating explicit connection provider: com.zaxxer.hikari.hibernate.HikariConnectionProvider
2015-01-13 12:05:28,998 -0800 [main] INFO  (Dialect.java:145) - HHH000400: Using dialect: org.hibernate.dialect.MySQLInnoDBDialect
2015-01-13 12:05:29,007 -0800 [main] INFO  (LobCreatorBuilder.java:97) - HHH000423: Disabling contextual LOB creation as JDBC driver reported JDBC version [3] less than 4
2015-01-13 12:05:29,237 -0800 [main] INFO  (TransactionFactoryInitiator.java:62) - HHH000399: Using default transaction strategy (direct JDBC transactions)
2015-01-13 12:05:29,244 -0800 [main] INFO  (ASTQueryTranslatorFactory.java:47) - HHH000397: Using ASTQueryTranslatorFactory
2015-01-13 12:59:53,028 -0800 [main] INFO  (JavaReflectionManager.java:66) - HCANN000001: Hibernate Commons Annotations {4.0.4.Final}
2015-01-13 12:59:53,039 -0800 [main] INFO  (Version.java:54) - HHH000412: Hibernate Core {4.3.5.Final}
2015-01-13 12:59:53,044 -0800 [main] INFO  (Environment.java:239) - HHH000206: hibernate.properties not found
2015-01-13 12:59:53,046 -0800 [main] INFO  (Environment.java:346) - HHH000021: Bytecode provider name : javassist
2015-01-13 12:59:53,081 -0800 [main] INFO  (Configuration.java:2073) - HHH000043: Configuring from resource: hibernate.cfg.xml
2015-01-13 12:59:53,081 -0800 [main] INFO  (Configuration.java:2092) - HHH000040: Configuration resource: hibernate.cfg.xml
2015-01-13 12:59:53,149 -0800 [main] INFO  (Configuration.java:2214) - HHH000041: Configured SessionFactory: null
2015-01-13 12:59:53,246 -0800 [main] INFO  (ConnectionProviderInitiator.java:190) - HHH000130: Instantiating explicit connection provider: com.zaxxer.hikari.hibernate.HikariConnectionProvider
2015-01-13 12:59:56,207 -0800 [main] INFO  (Dialect.java:145) - HHH000400: Using dialect: org.hibernate.dialect.MySQLInnoDBDialect
2015-01-13 12:59:56,215 -0800 [main] INFO  (LobCreatorBuilder.java:97) - HHH000423: Disabling contextual LOB creation as JDBC driver reported JDBC version [3] less than 4
2015-01-13 12:59:56,430 -0800 [main] INFO  (TransactionFactoryInitiator.java:62) - HHH000399: Using default transaction strategy (direct JDBC transactions)
2015-01-13 12:59:56,434 -0800 [main] INFO  (ASTQueryTranslatorFactory.java:47) - HHH000397: Using ASTQueryTranslatorFactory
2015-01-13 13:18:17,221 -0800 [main] INFO  (JavaReflectionManager.java:66) - HCANN000001: Hibernate Commons Annotations {4.0.4.Final}
2015-01-13 13:18:17,232 -0800 [main] INFO  (Version.java:54) - HHH000412: Hibernate Core {4.3.5.Final}
2015-01-13 13:18:17,237 -0800 [main] INFO  (Environment.java:239) - HHH000206: hibernate.properties not found
2015-01-13 13:18:17,239 -0800 [main] INFO  (Environment.java:346) - HHH000021: Bytecode provider name : javassist
2015-01-13 13:18:17,273 -0800 [main] INFO  (Configuration.java:2073) - HHH000043: Configuring from resource: hibernate.cfg.xml
2015-01-13 13:18:17,273 -0800 [main] INFO  (Configuration.java:2092) - HHH000040: Configuration resource: hibernate.cfg.xml
2015-01-13 13:18:17,341 -0800 [main] INFO  (Configuration.java:2214) - HHH000041: Configured SessionFactory: null
2015-01-13 13:18:17,440 -0800 [main] INFO  (ConnectionProviderInitiator.java:190) - HHH000130: Instantiating explicit connection provider: com.zaxxer.hikari.hibernate.HikariConnectionProvider
2015-01-13 13:18:20,016 -0800 [main] INFO  (Dialect.java:145) - HHH000400: Using dialect: org.hibernate.dialect.MySQLInnoDBDialect
2015-01-13 13:18:20,024 -0800 [main] INFO  (LobCreatorBuilder.java:97) - HHH000423: Disabling contextual LOB creation as JDBC driver reported JDBC version [3] less than 4
2015-01-13 13:18:20,237 -0800 [main] INFO  (TransactionFactoryInitiator.java:62) - HHH000399: Using default transaction strategy (direct JDBC transactions)
2015-01-13 13:18:20,241 -0800 [main] INFO  (ASTQueryTranslatorFactory.java:47) - HHH000397: Using ASTQueryTranslatorFactory
2015-01-13 13:18:35,451 -0800 [qtp1623277139-34] WARN  (SqlExceptionHelper.java:144) - SQL Error: 1142, SQLState: 42000
2015-01-13 13:18:35,453 -0800 [qtp1623277139-34] ERROR (SqlExceptionHelper.java:146) - SELECT command denied to user 'b4441f981ca4ab'@'67.139.72.178' for table 'category'
2015-01-13 13:26:02,024 -0800 [qtp1623277139-53] WARN  (SqlExceptionHelper.java:144) - SQL Error: 1142, SQLState: 42000
2015-01-13 13:26:02,027 -0800 [qtp1623277139-53] ERROR (SqlExceptionHelper.java:146) - SELECT command denied to user 'b4441f981ca4ab'@'67.139.72.178' for table 'category'
2015-01-13 13:28:01,203 -0800 [main] INFO  (JavaReflectionManager.java:66) - HCANN000001: Hibernate Commons Annotations {4.0.4.Final}
2015-01-13 13:28:01,214 -0800 [main] INFO  (Version.java:54) - HHH000412: Hibernate Core {4.3.5.Final}
2015-01-13 13:28:01,219 -0800 [main] INFO  (Environment.java:239) - HHH000206: hibernate.properties not found
2015-01-13 13:28:01,221 -0800 [main] INFO  (Environment.java:346) - HHH000021: Bytecode provider name : javassist
2015-01-13 13:28:01,253 -0800 [main] INFO  (Configuration.java:2073) - HHH000043: Configuring from resource: hibernate.cfg.xml
2015-01-13 13:28:01,254 -0800 [main] INFO  (Configuration.java:2092) - HHH000040: Configuration resource: hibernate.cfg.xml
2015-01-13 13:28:01,317 -0800 [main] INFO  (Configuration.java:2214) - HHH000041: Configured SessionFactory: null
2015-01-13 13:28:01,403 -0800 [main] INFO  (ConnectionProviderInitiator.java:190) - HHH000130: Instantiating explicit connection provider: com.zaxxer.hikari.hibernate.HikariConnectionProvider
2015-01-13 13:28:03,371 -0800 [main] INFO  (Dialect.java:145) - HHH000400: Using dialect: org.hibernate.dialect.MySQLInnoDBDialect
2015-01-13 13:28:03,379 -0800 [main] INFO  (LobCreatorBuilder.java:97) - HHH000423: Disabling contextual LOB creation as JDBC driver reported JDBC version [3] less than 4
2015-01-13 13:28:03,621 -0800 [main] INFO  (TransactionFactoryInitiator.java:62) - HHH000399: Using default transaction strategy (direct JDBC transactions)
2015-01-13 13:28:03,626 -0800 [main] INFO  (ASTQueryTranslatorFactory.java:47) - HHH000397: Using ASTQueryTranslatorFactory
2015-01-13 13:28:17,635 -0800 [qtp2140907711-34] WARN  (SqlExceptionHelper.java:144) - SQL Error: 1142, SQLState: 42000
2015-01-13 13:28:17,637 -0800 [qtp2140907711-34] ERROR (SqlExceptionHelper.java:146) - SELECT command denied to user 'b4441f981ca4ab'@'67.139.72.178' for table 'category'
2015-01-13 13:29:00,469 -0800 [main] INFO  (JavaReflectionManager.java:66) - HCANN000001: Hibernate Commons Annotations {4.0.4.Final}
2015-01-13 13:29:00,483 -0800 [main] INFO  (Version.java:54) - HHH000412: Hibernate Core {4.3.5.Final}
2015-01-13 13:29:00,487 -0800 [main] INFO  (Environment.java:239) - HHH000206: hibernate.properties not found
2015-01-13 13:29:00,489 -0800 [main] INFO  (Environment.java:346) - HHH000021: Bytecode provider name : javassist
2015-01-13 13:29:00,523 -0800 [main] INFO  (Configuration.java:2073) - HHH000043: Configuring from resource: hibernate.cfg.xml
2015-01-13 13:29:00,523 -0800 [main] INFO  (Configuration.java:2092) - HHH000040: Configuration resource: hibernate.cfg.xml
2015-01-13 13:29:00,588 -0800 [main] INFO  (Configuration.java:2214) - HHH000041: Configured SessionFactory: null
2015-01-13 13:29:00,680 -0800 [main] INFO  (ConnectionProviderInitiator.java:190) - HHH000130: Instantiating explicit connection provider: com.zaxxer.hikari.hibernate.HikariConnectionProvider
2015-01-13 13:29:04,757 -0800 [main] INFO  (Dialect.java:145) - HHH000400: Using dialect: org.hibernate.dialect.MySQLInnoDBDialect
2015-01-13 13:29:04,766 -0800 [main] INFO  (LobCreatorBuilder.java:97) - HHH000423: Disabling contextual LOB creation as JDBC driver reported JDBC version [3] less than 4
2015-01-13 13:29:05,005 -0800 [main] INFO  (TransactionFactoryInitiator.java:62) - HHH000399: Using default transaction strategy (direct JDBC transactions)
2015-01-13 13:29:05,011 -0800 [main] INFO  (ASTQueryTranslatorFactory.java:47) - HHH000397: Using ASTQueryTranslatorFactory
2015-01-13 13:30:24,032 -0800 [qtp826634771-34] WARN  (SqlExceptionHelper.java:144) - SQL Error: 1142, SQLState: 42000
2015-01-13 13:30:24,035 -0800 [qtp826634771-34] ERROR (SqlExceptionHelper.java:146) - SELECT command denied to user 'b4441f981ca4ab'@'67.139.72.178' for table 'category'
2015-01-13 13:34:02,216 -0800 [qtp826634771-47] WARN  (SqlExceptionHelper.java:144) - SQL Error: 1142, SQLState: 42000
2015-01-13 13:34:02,220 -0800 [qtp826634771-47] ERROR (SqlExceptionHelper.java:146) - SELECT command denied to user 'b4441f981ca4ab'@'67.139.72.178' for table 'category'
2015-01-13 13:44:33,308 -0800 [qtp826634771-76] WARN  (SqlExceptionHelper.java:144) - SQL Error: 1142, SQLState: 42000
2015-01-13 13:44:33,312 -0800 [qtp826634771-76] ERROR (SqlExceptionHelper.java:146) - SELECT command denied to user 'b4441f981ca4ab'@'67.139.72.178' for table 'association'
2015-01-13 13:46:24,747 -0800 [main] INFO  (JavaReflectionManager.java:66) - HCANN000001: Hibernate Commons Annotations {4.0.4.Final}
2015-01-13 13:46:24,762 -0800 [main] INFO  (Version.java:54) - HHH000412: Hibernate Core {4.3.5.Final}
2015-01-13 13:46:24,768 -0800 [main] INFO  (Environment.java:239) - HHH000206: hibernate.properties not found
2015-01-13 13:46:24,769 -0800 [main] INFO  (Environment.java:346) - HHH000021: Bytecode provider name : javassist
2015-01-13 13:46:24,799 -0800 [main] INFO  (Configuration.java:2073) - HHH000043: Configuring from resource: hibernate.cfg.xml
2015-01-13 13:46:24,800 -0800 [main] INFO  (Configuration.java:2092) - HHH000040: Configuration resource: hibernate.cfg.xml
2015-01-13 13:46:24,981 -0800 [main] INFO  (Configuration.java:2214) - HHH000041: Configured SessionFactory: null
2015-01-13 13:46:25,092 -0800 [main] INFO  (ConnectionProviderInitiator.java:190) - HHH000130: Instantiating explicit connection provider: com.zaxxer.hikari.hibernate.HikariConnectionProvider
2015-01-13 13:46:30,044 -0800 [main] INFO  (Dialect.java:145) - HHH000400: Using dialect: org.hibernate.dialect.MySQL5Dialect
2015-01-13 13:46:30,053 -0800 [main] INFO  (LobCreatorBuilder.java:97) - HHH000423: Disabling contextual LOB creation as JDBC driver reported JDBC version [3] less than 4
2015-01-13 13:46:30,278 -0800 [main] INFO  (TransactionFactoryInitiator.java:62) - HHH000399: Using default transaction strategy (direct JDBC transactions)
2015-01-13 13:46:30,284 -0800 [main] INFO  (ASTQueryTranslatorFactory.java:47) - HHH000397: Using ASTQueryTranslatorFactory
2015-01-13 13:46:54,333 -0800 [qtp2024563321-31] WARN  (SqlExceptionHelper.java:144) - SQL Error: 1142, SQLState: 42000
2015-01-13 13:46:54,335 -0800 [qtp2024563321-31] ERROR (SqlExceptionHelper.java:146) - SELECT command denied to user 'b4441f981ca4ab'@'67.139.72.178' for table 'contact'
2015-01-13 13:49:53,575 -0800 [qtp2024563321-40] WARN  (SqlExceptionHelper.java:144) - SQL Error: 1142, SQLState: 42000
2015-01-13 13:49:53,577 -0800 [qtp2024563321-40] ERROR (SqlExceptionHelper.java:146) - SELECT command denied to user 'b4441f981ca4ab'@'67.139.72.178' for table 'category'
2015-01-13 13:56:12,094 -0800 [main] INFO  (JavaReflectionManager.java:66) - HCANN000001: Hibernate Commons Annotations {4.0.4.Final}
2015-01-13 13:56:12,111 -0800 [main] INFO  (Version.java:54) - HHH000412: Hibernate Core {4.3.5.Final}
2015-01-13 13:56:12,121 -0800 [main] INFO  (Environment.java:239) - HHH000206: hibernate.properties not found
2015-01-13 13:56:12,128 -0800 [main] INFO  (Environment.java:346) - HHH000021: Bytecode provider name : javassist
2015-01-13 13:56:12,188 -0800 [main] INFO  (Configuration.java:2073) - HHH000043: Configuring from resource: hibernate.cfg.xml
2015-01-13 13:56:12,188 -0800 [main] INFO  (Configuration.java:2092) - HHH000040: Configuration resource: hibernate.cfg.xml
2015-01-13 13:56:12,318 -0800 [main] INFO  (Configuration.java:2214) - HHH000041: Configured SessionFactory: null
2015-01-13 13:56:12,450 -0800 [main] INFO  (ConnectionProviderInitiator.java:190) - HHH000130: Instantiating explicit connection provider: com.zaxxer.hikari.hibernate.HikariConnectionProvider
2015-01-13 13:56:17,018 -0800 [main] INFO  (Dialect.java:145) - HHH000400: Using dialect: org.hibernate.dialect.MySQL5Dialect
2015-01-13 13:56:17,027 -0800 [main] INFO  (LobCreatorBuilder.java:97) - HHH000423: Disabling contextual LOB creation as JDBC driver reported JDBC version [3] less than 4
2015-01-13 13:56:17,243 -0800 [main] INFO  (TransactionFactoryInitiator.java:62) - HHH000399: Using default transaction strategy (direct JDBC transactions)
2015-01-13 13:56:17,248 -0800 [main] INFO  (ASTQueryTranslatorFactory.java:47) - HHH000397: Using ASTQueryTranslatorFactory
2015-01-13 13:56:36,650 -0800 [qtp1481137228-34] WARN  (SqlExceptionHelper.java:144) - SQL Error: 1142, SQLState: 42000
2015-01-13 13:56:36,651 -0800 [qtp1481137228-34] ERROR (SqlExceptionHelper.java:146) - SELECT command denied to user 'b4441f981ca4ab'@'67.139.72.178' for table 'category'
2015-01-13 13:58:08,109 -0800 [qtp1481137228-34] WARN  (SqlExceptionHelper.java:144) - SQL Error: 1142, SQLState: 42000
2015-01-13 13:58:08,111 -0800 [qtp1481137228-34] ERROR (SqlExceptionHelper.java:146) - SELECT command denied to user 'b4441f981ca4ab'@'67.139.72.178' for table 'email_alternate'
2015-01-13 14:07:42,981 -0800 [main] INFO  (JavaReflectionManager.java:66) - HCANN000001: Hibernate Commons Annotations {4.0.4.Final}
2015-01-13 14:07:42,989 -0800 [main] INFO  (Version.java:54) - HHH000412: Hibernate Core {4.3.5.Final}
2015-01-13 14:07:42,993 -0800 [main] INFO  (Environment.java:239) - HHH000206: hibernate.properties not found
2015-01-13 14:07:42,994 -0800 [main] INFO  (Environment.java:346) - HHH000021: Bytecode provider name : javassist
2015-01-13 14:07:43,015 -0800 [main] INFO  (Configuration.java:2073) - HHH000043: Configuring from resource: hibernate.cfg.xml
2015-01-13 14:07:43,015 -0800 [main] INFO  (Configuration.java:2092) - HHH000040: Configuration resource: hibernate.cfg.xml
2015-01-13 14:07:43,069 -0800 [main] INFO  (Configuration.java:2214) - HHH000041: Configured SessionFactory: null
2015-01-13 14:07:43,126 -0800 [main] INFO  (ConnectionProviderInitiator.java:190) - HHH000130: Instantiating explicit connection provider: com.zaxxer.hikari.hibernate.HikariConnectionProvider
2015-01-13 14:07:44,918 -0800 [main] INFO  (Dialect.java:145) - HHH000400: Using dialect: org.hibernate.dialect.MySQL5Dialect
2015-01-13 14:07:44,924 -0800 [main] INFO  (LobCreatorBuilder.java:97) - HHH000423: Disabling contextual LOB creation as JDBC driver reported JDBC version [3] less than 4
2015-01-13 14:07:45,109 -0800 [main] INFO  (TransactionFactoryInitiator.java:62) - HHH000399: Using default transaction strategy (direct JDBC transactions)
2015-01-13 14:07:45,112 -0800 [main] INFO  (ASTQueryTranslatorFactory.java:47) - HHH000397: Using ASTQueryTranslatorFactory
2015-01-13 14:07:58,840 -0800 [qtp1657840356-34] WARN  (SqlExceptionHelper.java:144) - SQL Error: 1142, SQLState: 42000
2015-01-13 14:07:58,840 -0800 [qtp1657840356-34] ERROR (SqlExceptionHelper.java:146) - SELECT command denied to user 'b4441f981ca4ab'@'67.139.72.178' for table 'category'
2015-01-13 15:06:02,952 -0800 [qtp1657840356-208] WARN  (SqlExceptionHelper.java:144) - SQL Error: 1142, SQLState: 42000
2015-01-13 15:06:02,959 -0800 [qtp1657840356-208] ERROR (SqlExceptionHelper.java:146) - SELECT command denied to user 'b4441f981ca4ab'@'67.139.72.178' for table 'category'
2015-01-13 15:20:15,097 -0800 [main] INFO  (JavaReflectionManager.java:66) - HCANN000001: Hibernate Commons Annotations {4.0.4.Final}
2015-01-13 15:20:15,110 -0800 [main] INFO  (Version.java:54) - HHH000412: Hibernate Core {4.3.5.Final}
2015-01-13 15:20:15,114 -0800 [main] INFO  (Environment.java:239) - HHH000206: hibernate.properties not found
2015-01-13 15:20:15,116 -0800 [main] INFO  (Environment.java:346) - HHH000021: Bytecode provider name : javassist
2015-01-13 15:20:15,147 -0800 [main] INFO  (Configuration.java:2073) - HHH000043: Configuring from resource: hibernate.cfg.xml
2015-01-13 15:20:15,147 -0800 [main] INFO  (Configuration.java:2092) - HHH000040: Configuration resource: hibernate.cfg.xml
2015-01-13 15:20:15,217 -0800 [main] INFO  (Configuration.java:2214) - HHH000041: Configured SessionFactory: null
2015-01-13 15:20:15,314 -0800 [main] INFO  (ConnectionProviderInitiator.java:190) - HHH000130: Instantiating explicit connection provider: com.zaxxer.hikari.hibernate.HikariConnectionProvider
2015-01-13 15:20:19,805 -0800 [main] INFO  (Dialect.java:145) - HHH000400: Using dialect: org.hibernate.dialect.MySQL5Dialect
2015-01-13 15:20:19,813 -0800 [main] INFO  (LobCreatorBuilder.java:97) - HHH000423: Disabling contextual LOB creation as JDBC driver reported JDBC version [3] less than 4
2015-01-13 15:20:20,029 -0800 [main] INFO  (TransactionFactoryInitiator.java:62) - HHH000399: Using default transaction strategy (direct JDBC transactions)
2015-01-13 15:20:20,034 -0800 [main] INFO  (ASTQueryTranslatorFactory.java:47) - HHH000397: Using ASTQueryTranslatorFactory
2015-01-13 15:20:25,591 -0800 [qtp521993469-31] WARN  (SqlExceptionHelper.java:144) - SQL Error: 1146, SQLState: 42S02
2015-01-13 15:20:25,592 -0800 [qtp521993469-31] ERROR (SqlExceptionHelper.java:146) - Table 'heroku_81301b928a7b951.user' doesn't exist
2015-01-13 15:29:55,483 -0800 [main] INFO  (JavaReflectionManager.java:66) - HCANN000001: Hibernate Commons Annotations {4.0.4.Final}
2015-01-13 15:29:55,491 -0800 [main] INFO  (Version.java:54) - HHH000412: Hibernate Core {4.3.5.Final}
2015-01-13 15:29:55,494 -0800 [main] INFO  (Environment.java:239) - HHH000206: hibernate.properties not found
2015-01-13 15:29:55,496 -0800 [main] INFO  (Environment.java:346) - HHH000021: Bytecode provider name : javassist
2015-01-13 15:29:55,518 -0800 [main] INFO  (Configuration.java:2073) - HHH000043: Configuring from resource: hibernate.cfg.xml
2015-01-13 15:29:55,518 -0800 [main] INFO  (Configuration.java:2092) - HHH000040: Configuration resource: hibernate.cfg.xml
2015-01-13 15:29:55,570 -0800 [main] INFO  (Configuration.java:2214) - HHH000041: Configured SessionFactory: null
2015-01-13 15:29:55,625 -0800 [main] INFO  (ConnectionProviderInitiator.java:190) - HHH000130: Instantiating explicit connection provider: com.zaxxer.hikari.hibernate.HikariConnectionProvider
2015-01-13 15:29:57,344 -0800 [main] INFO  (Dialect.java:145) - HHH000400: Using dialect: org.hibernate.dialect.MySQL5Dialect
2015-01-13 15:29:57,350 -0800 [main] INFO  (LobCreatorBuilder.java:97) - HHH000423: Disabling contextual LOB creation as JDBC driver reported JDBC version [3] less than 4
2015-01-13 15:29:57,534 -0800 [main] INFO  (TransactionFactoryInitiator.java:62) - HHH000399: Using default transaction strategy (direct JDBC transactions)
2015-01-13 15:29:57,537 -0800 [main] INFO  (ASTQueryTranslatorFactory.java:47) - HHH000397: Using ASTQueryTranslatorFactory
2015-01-13 15:30:10,096 -0800 [qtp1657840356-34] WARN  (SqlExceptionHelper.java:144) - SQL Error: 1142, SQLState: 42000
2015-01-13 15:30:10,096 -0800 [qtp1657840356-34] ERROR (SqlExceptionHelper.java:146) - SELECT command denied to user 'bb463ffa3c6c83'@'67.139.72.178' for table 'category'
2015-01-13 15:32:06,667 -0800 [main] INFO  (JavaReflectionManager.java:66) - HCANN000001: Hibernate Commons Annotations {4.0.4.Final}
2015-01-13 15:32:06,681 -0800 [main] INFO  (Version.java:54) - HHH000412: Hibernate Core {4.3.5.Final}
2015-01-13 15:32:06,685 -0800 [main] INFO  (Environment.java:239) - HHH000206: hibernate.properties not found
2015-01-13 15:32:06,687 -0800 [main] INFO  (Environment.java:346) - HHH000021: Bytecode provider name : javassist
2015-01-13 15:32:06,721 -0800 [main] INFO  (Configuration.java:2073) - HHH000043: Configuring from resource: hibernate.cfg.xml
2015-01-13 15:32:06,721 -0800 [main] INFO  (Configuration.java:2092) - HHH000040: Configuration resource: hibernate.cfg.xml
2015-01-13 15:32:06,787 -0800 [main] INFO  (Configuration.java:2214) - HHH000041: Configured SessionFactory: null
2015-01-13 15:32:06,880 -0800 [main] INFO  (ConnectionProviderInitiator.java:190) - HHH000130: Instantiating explicit connection provider: com.zaxxer.hikari.hibernate.HikariConnectionProvider
2015-01-13 15:32:08,833 -0800 [main] INFO  (Dialect.java:145) - HHH000400: Using dialect: org.hibernate.dialect.MySQL5Dialect
2015-01-13 15:32:08,842 -0800 [main] INFO  (LobCreatorBuilder.java:97) - HHH000423: Disabling contextual LOB creation as JDBC driver reported JDBC version [3] less than 4
2015-01-13 15:32:09,073 -0800 [main] INFO  (TransactionFactoryInitiator.java:62) - HHH000399: Using default transaction strategy (direct JDBC transactions)
2015-01-13 15:32:09,077 -0800 [main] INFO  (ASTQueryTranslatorFactory.java:47) - HHH000397: Using ASTQueryTranslatorFactory
2015-01-13 16:05:33,851 -0800 [main] INFO  (JavaReflectionManager.java:66) - HCANN000001: Hibernate Commons Annotations {4.0.4.Final}
2015-01-13 16:05:33,864 -0800 [main] INFO  (Version.java:54) - HHH000412: Hibernate Core {4.3.5.Final}
2015-01-13 16:05:33,870 -0800 [main] INFO  (Environment.java:239) - HHH000206: hibernate.properties not found
2015-01-13 16:05:33,872 -0800 [main] INFO  (Environment.java:346) - HHH000021: Bytecode provider name : javassist
2015-01-13 16:05:33,905 -0800 [main] INFO  (Configuration.java:2073) - HHH000043: Configuring from resource: hibernate.cfg.xml
2015-01-13 16:05:33,905 -0800 [main] INFO  (Configuration.java:2092) - HHH000040: Configuration resource: hibernate.cfg.xml
2015-01-13 16:05:33,971 -0800 [main] INFO  (Configuration.java:2214) - HHH000041: Configured SessionFactory: null
2015-01-13 16:05:34,070 -0800 [main] INFO  (ConnectionProviderInitiator.java:190) - HHH000130: Instantiating explicit connection provider: com.zaxxer.hikari.hibernate.HikariConnectionProvider
2015-01-13 16:06:15,396 -0800 [main] INFO  (JavaReflectionManager.java:66) - HCANN000001: Hibernate Commons Annotations {4.0.4.Final}
2015-01-13 16:06:15,407 -0800 [main] INFO  (Version.java:54) - HHH000412: Hibernate Core {4.3.5.Final}
2015-01-13 16:06:15,412 -0800 [main] INFO  (Environment.java:239) - HHH000206: hibernate.properties not found
2015-01-13 16:06:15,414 -0800 [main] INFO  (Environment.java:346) - HHH000021: Bytecode provider name : javassist
2015-01-13 16:06:15,450 -0800 [main] INFO  (Configuration.java:2073) - HHH000043: Configuring from resource: hibernate.cfg.xml
2015-01-13 16:06:15,450 -0800 [main] INFO  (Configuration.java:2092) - HHH000040: Configuration resource: hibernate.cfg.xml
2015-01-13 16:06:15,514 -0800 [main] INFO  (Configuration.java:2214) - HHH000041: Configured SessionFactory: null
2015-01-13 16:06:15,611 -0800 [main] INFO  (ConnectionProviderInitiator.java:190) - HHH000130: Instantiating explicit connection provider: com.zaxxer.hikari.hibernate.HikariConnectionProvider
2015-01-13 16:06:16,594 -0800 [main] INFO  (Dialect.java:145) - HHH000400: Using dialect: org.hibernate.dialect.MySQL5Dialect
2015-01-13 16:06:16,613 -0800 [main] INFO  (LobCreatorBuilder.java:97) - HHH000423: Disabling contextual LOB creation as JDBC driver reported JDBC version [3] less than 4
2015-01-13 16:06:16,872 -0800 [main] INFO  (TransactionFactoryInitiator.java:62) - HHH000399: Using default transaction strategy (direct JDBC transactions)
2015-01-13 16:06:16,879 -0800 [main] INFO  (ASTQueryTranslatorFactory.java:47) - HHH000397: Using ASTQueryTranslatorFactory
2015-01-13 16:10:01,429 -0800 [main] INFO  (JavaReflectionManager.java:66) - HCANN000001: Hibernate Commons Annotations {4.0.4.Final}
2015-01-13 16:10:01,440 -0800 [main] INFO  (Version.java:54) - HHH000412: Hibernate Core {4.3.5.Final}
2015-01-13 16:10:01,445 -0800 [main] INFO  (Environment.java:239) - HHH000206: hibernate.properties not found
2015-01-13 16:10:01,447 -0800 [main] INFO  (Environment.java:346) - HHH000021: Bytecode provider name : javassist
2015-01-13 16:10:01,480 -0800 [main] INFO  (Configuration.java:2073) - HHH000043: Configuring from resource: hibernate.cfg.xml
2015-01-13 16:10:01,480 -0800 [main] INFO  (Configuration.java:2092) - HHH000040: Configuration resource: hibernate.cfg.xml
2015-01-13 16:10:01,547 -0800 [main] INFO  (Configuration.java:2214) - HHH000041: Configured SessionFactory: null
2015-01-13 16:10:01,637 -0800 [main] INFO  (ConnectionProviderInitiator.java:190) - HHH000130: Instantiating explicit connection provider: com.zaxxer.hikari.hibernate.HikariConnectionProvider
2015-01-13 16:10:02,433 -0800 [main] INFO  (Dialect.java:145) - HHH000400: Using dialect: org.hibernate.dialect.MySQL5Dialect
2015-01-13 16:10:02,443 -0800 [main] INFO  (LobCreatorBuilder.java:97) - HHH000423: Disabling contextual LOB creation as JDBC driver reported JDBC version [3] less than 4
2015-01-13 16:10:02,682 -0800 [main] INFO  (TransactionFactoryInitiator.java:62) - HHH000399: Using default transaction strategy (direct JDBC transactions)
2015-01-13 16:10:02,687 -0800 [main] INFO  (ASTQueryTranslatorFactory.java:47) - HHH000397: Using ASTQueryTranslatorFactory
2015-01-13 16:10:45,852 -0800 [main] INFO  (JavaReflectionManager.java:66) - HCANN000001: Hibernate Commons Annotations {4.0.4.Final}
2015-01-13 16:10:45,863 -0800 [main] INFO  (Version.java:54) - HHH000412: Hibernate Core {4.3.5.Final}
2015-01-13 16:10:45,868 -0800 [main] INFO  (Environment.java:239) - HHH000206: hibernate.properties not found
2015-01-13 16:10:45,870 -0800 [main] INFO  (Environment.java:346) - HHH000021: Bytecode provider name : javassist
2015-01-13 16:10:45,901 -0800 [main] INFO  (Configuration.java:2073) - HHH000043: Configuring from resource: hibernate.cfg.xml
2015-01-13 16:10:45,901 -0800 [main] INFO  (Configuration.java:2092) - HHH000040: Configuration resource: hibernate.cfg.xml
2015-01-13 16:10:45,968 -0800 [main] INFO  (Configuration.java:2214) - HHH000041: Configured SessionFactory: null
2015-01-13 16:10:46,063 -0800 [main] INFO  (ConnectionProviderInitiator.java:190) - HHH000130: Instantiating explicit connection provider: com.zaxxer.hikari.hibernate.HikariConnectionProvider
2015-01-13 16:10:46,817 -0800 [main] INFO  (Dialect.java:145) - HHH000400: Using dialect: org.hibernate.dialect.MySQL5Dialect
2015-01-13 16:10:46,828 -0800 [main] INFO  (LobCreatorBuilder.java:97) - HHH000423: Disabling contextual LOB creation as JDBC driver reported JDBC version [3] less than 4
2015-01-13 16:10:47,066 -0800 [main] INFO  (TransactionFactoryInitiator.java:62) - HHH000399: Using default transaction strategy (direct JDBC transactions)
2015-01-13 16:10:47,071 -0800 [main] INFO  (ASTQueryTranslatorFactory.java:47) - HHH000397: Using ASTQueryTranslatorFactory
2015-01-13 16:11:34,418 -0800 [main] INFO  (JavaReflectionManager.java:66) - HCANN000001: Hibernate Commons Annotations {4.0.4.Final}
2015-01-13 16:11:34,428 -0800 [main] INFO  (Version.java:54) - HHH000412: Hibernate Core {4.3.5.Final}
2015-01-13 16:11:34,431 -0800 [main] INFO  (Environment.java:239) - HHH000206: hibernate.properties not found
2015-01-13 16:11:34,432 -0800 [main] INFO  (Environment.java:346) - HHH000021: Bytecode provider name : javassist
2015-01-13 16:11:34,453 -0800 [main] INFO  (Configuration.java:2073) - HHH000043: Configuring from resource: hibernate.cfg.xml
2015-01-13 16:11:34,454 -0800 [main] INFO  (Configuration.java:2092) - HHH000040: Configuration resource: hibernate.cfg.xml
2015-01-13 16:11:34,508 -0800 [main] INFO  (Configuration.java:2214) - HHH000041: Configured SessionFactory: null
2015-01-13 16:11:34,565 -0800 [main] INFO  (ConnectionProviderInitiator.java:190) - HHH000130: Instantiating explicit connection provider: com.zaxxer.hikari.hibernate.HikariConnectionProvider
2015-01-13 16:11:35,237 -0800 [main] INFO  (Dialect.java:145) - HHH000400: Using dialect: org.hibernate.dialect.MySQL5Dialect
2015-01-13 16:11:35,247 -0800 [main] INFO  (LobCreatorBuilder.java:97) - HHH000423: Disabling contextual LOB creation as JDBC driver reported JDBC version [3] less than 4
2015-01-13 16:11:35,561 -0800 [main] INFO  (TransactionFactoryInitiator.java:62) - HHH000399: Using default transaction strategy (direct JDBC transactions)
2015-01-13 16:11:35,565 -0800 [main] INFO  (ASTQueryTranslatorFactory.java:47) - HHH000397: Using ASTQueryTranslatorFactory
2015-01-13 16:14:30,353 -0800 [main] INFO  (JavaReflectionManager.java:66) - HCANN000001: Hibernate Commons Annotations {4.0.4.Final}
2015-01-13 16:14:30,364 -0800 [main] INFO  (Version.java:54) - HHH000412: Hibernate Core {4.3.5.Final}
2015-01-13 16:14:30,369 -0800 [main] INFO  (Environment.java:239) - HHH000206: hibernate.properties not found
2015-01-13 16:14:30,371 -0800 [main] INFO  (Environment.java:346) - HHH000021: Bytecode provider name : javassist
2015-01-13 16:14:30,405 -0800 [main] INFO  (Configuration.java:2073) - HHH000043: Configuring from resource: hibernate.cfg.xml
2015-01-13 16:14:30,405 -0800 [main] INFO  (Configuration.java:2092) - HHH000040: Configuration resource: hibernate.cfg.xml
2015-01-13 16:14:30,468 -0800 [main] INFO  (Configuration.java:2214) - HHH000041: Configured SessionFactory: null
2015-01-13 16:14:30,568 -0800 [main] INFO  (ConnectionProviderInitiator.java:190) - HHH000130: Instantiating explicit connection provider: com.zaxxer.hikari.hibernate.HikariConnectionProvider
2015-01-13 16:14:31,345 -0800 [main] INFO  (Dialect.java:145) - HHH000400: Using dialect: org.hibernate.dialect.MySQL5Dialect
2015-01-13 16:14:31,356 -0800 [main] INFO  (LobCreatorBuilder.java:97) - HHH000423: Disabling contextual LOB creation as JDBC driver reported JDBC version [3] less than 4
2015-01-13 16:14:31,596 -0800 [main] INFO  (TransactionFactoryInitiator.java:62) - HHH000399: Using default transaction strategy (direct JDBC transactions)
2015-01-13 16:14:31,600 -0800 [main] INFO  (ASTQueryTranslatorFactory.java:47) - HHH000397: Using ASTQueryTranslatorFactory
2015-01-13 16:16:17,112 -0800 [main] INFO  (JavaReflectionManager.java:66) - HCANN000001: Hibernate Commons Annotations {4.0.4.Final}
2015-01-13 16:16:17,120 -0800 [main] INFO  (Version.java:54) - HHH000412: Hibernate Core {4.3.5.Final}
2015-01-13 16:16:17,123 -0800 [main] INFO  (Environment.java:239) - HHH000206: hibernate.properties not found
2015-01-13 16:16:17,125 -0800 [main] INFO  (Environment.java:346) - HHH000021: Bytecode provider name : javassist
2015-01-13 16:16:17,145 -0800 [main] INFO  (Configuration.java:2073) - HHH000043: Configuring from resource: hibernate.cfg.xml
2015-01-13 16:16:17,145 -0800 [main] INFO  (Configuration.java:2092) - HHH000040: Configuration resource: hibernate.cfg.xml
2015-01-13 16:16:17,196 -0800 [main] INFO  (Configuration.java:2214) - HHH000041: Configured SessionFactory: null
2015-01-13 16:16:17,253 -0800 [main] INFO  (ConnectionProviderInitiator.java:190) - HHH000130: Instantiating explicit connection provider: com.zaxxer.hikari.hibernate.HikariConnectionProvider
2015-01-13 16:16:17,937 -0800 [main] INFO  (Dialect.java:145) - HHH000400: Using dialect: org.hibernate.dialect.MySQL5Dialect
2015-01-13 16:16:17,947 -0800 [main] INFO  (LobCreatorBuilder.java:97) - HHH000423: Disabling contextual LOB creation as JDBC driver reported JDBC version [3] less than 4
2015-01-13 16:16:18,148 -0800 [main] INFO  (TransactionFactoryInitiator.java:62) - HHH000399: Using default transaction strategy (direct JDBC transactions)
2015-01-13 16:16:18,151 -0800 [main] INFO  (ASTQueryTranslatorFactory.java:47) - HHH000397: Using ASTQueryTranslatorFactory
2015-01-13 16:30:10,125 -0800 [main] INFO  (JavaReflectionManager.java:66) - HCANN000001: Hibernate Commons Annotations {4.0.4.Final}
2015-01-13 16:30:10,137 -0800 [main] INFO  (Version.java:54) - HHH000412: Hibernate Core {4.3.5.Final}
2015-01-13 16:30:10,142 -0800 [main] INFO  (Environment.java:239) - HHH000206: hibernate.properties not found
2015-01-13 16:30:10,144 -0800 [main] INFO  (Environment.java:346) - HHH000021: Bytecode provider name : javassist
2015-01-13 16:30:10,176 -0800 [main] INFO  (Configuration.java:2073) - HHH000043: Configuring from resource: hibernate.cfg.xml
2015-01-13 16:30:10,176 -0800 [main] INFO  (Configuration.java:2092) - HHH000040: Configuration resource: hibernate.cfg.xml
2015-01-13 16:30:10,245 -0800 [main] INFO  (Configuration.java:2214) - HHH000041: Configured SessionFactory: null
2015-01-13 16:30:10,338 -0800 [main] INFO  (ConnectionProviderInitiator.java:190) - HHH000130: Instantiating explicit connection provider: com.zaxxer.hikari.hibernate.HikariConnectionProvider
2015-01-13 16:30:11,093 -0800 [main] INFO  (Dialect.java:145) - HHH000400: Using dialect: org.hibernate.dialect.MySQL5Dialect
2015-01-13 16:30:11,105 -0800 [main] INFO  (LobCreatorBuilder.java:97) - HHH000423: Disabling contextual LOB creation as JDBC driver reported JDBC version [3] less than 4
2015-01-13 16:30:11,364 -0800 [main] INFO  (TransactionFactoryInitiator.java:62) - HHH000399: Using default transaction strategy (direct JDBC transactions)
2015-01-13 16:30:11,369 -0800 [main] INFO  (ASTQueryTranslatorFactory.java:47) - HHH000397: Using ASTQueryTranslatorFactory
2015-01-14 09:01:24,095 -0800 [main] INFO  (JavaReflectionManager.java:66) - HCANN000001: Hibernate Commons Annotations {4.0.4.Final}
2015-01-14 09:01:24,108 -0800 [main] INFO  (Version.java:54) - HHH000412: Hibernate Core {4.3.5.Final}
2015-01-14 09:01:24,114 -0800 [main] INFO  (Environment.java:239) - HHH000206: hibernate.properties not found
2015-01-14 09:01:24,116 -0800 [main] INFO  (Environment.java:346) - HHH000021: Bytecode provider name : javassist
2015-01-14 09:01:24,149 -0800 [main] INFO  (Configuration.java:2073) - HHH000043: Configuring from resource: hibernate.cfg.xml
2015-01-14 09:01:24,149 -0800 [main] INFO  (Configuration.java:2092) - HHH000040: Configuration resource: hibernate.cfg.xml
2015-01-14 09:01:24,219 -0800 [main] INFO  (Configuration.java:2214) - HHH000041: Configured SessionFactory: null
2015-01-14 09:01:24,316 -0800 [main] INFO  (ConnectionProviderInitiator.java:190) - HHH000130: Instantiating explicit connection provider: com.zaxxer.hikari.hibernate.HikariConnectionProvider
2015-01-14 09:01:25,166 -0800 [main] INFO  (Dialect.java:145) - HHH000400: Using dialect: org.hibernate.dialect.MySQL5Dialect
2015-01-14 09:01:25,177 -0800 [main] INFO  (LobCreatorBuilder.java:97) - HHH000423: Disabling contextual LOB creation as JDBC driver reported JDBC version [3] less than 4
2015-01-14 09:01:25,442 -0800 [main] INFO  (TransactionFactoryInitiator.java:62) - HHH000399: Using default transaction strategy (direct JDBC transactions)
2015-01-14 09:01:25,447 -0800 [main] INFO  (ASTQueryTranslatorFactory.java:47) - HHH000397: Using ASTQueryTranslatorFactory
